This is pdfTeX, Version 3.14159265-2.6-1.40.18 (TeX Live 2017/Debian) (preloaded format=pdflatex 2019.1.31)  8 JUN 2020 04:58
entering extended mode
 \write18 enabled.
 %&-line parsing enabled.
**main.tex
(./main.tex
LaTeX2e <2017-04-15>
Babel <3.18> and hyphenation patterns for 84 language(s) loaded.
(/usr/share/texlive/texmf-dist/tex/latex/base/article.cls
Document Class: article 2014/09/29 v1.4h Standard LaTeX document class
(/usr/share/texlive/texmf-dist/tex/latex/base/size10.clo
File: size10.clo 2014/09/29 v1.4h Standard LaTeX file (size option)
)
\c@part=\count79
\c@section=\count80
\c@subsection=\count81
\c@subsubsection=\count82
\c@paragraph=\count83
\c@subparagraph=\count84
\c@figure=\count85
\c@table=\count86
\abovecaptionskip=\skip41
\belowcaptionskip=\skip42
\bibindent=\dimen102
)
(/usr/share/texlive/texmf-dist/tex/latex/amsmath/amsmath.sty
Package: amsmath 2017/09/02 v2.17a AMS math features
\@mathmargin=\skip43

For additional information on amsmath, use the `?' option.
(/usr/share/texlive/texmf-dist/tex/latex/amsmath/amstext.sty
Package: amstext 2000/06/29 v2.01 AMS text

(/usr/share/texlive/texmf-dist/tex/latex/amsmath/amsgen.sty
File: amsgen.sty 1999/11/30 v2.0 generic functions
\@emptytoks=\toks14
\ex@=\dimen103
))
(/usr/share/texlive/texmf-dist/tex/latex/amsmath/amsbsy.sty
Package: amsbsy 1999/11/29 v1.2d Bold Symbols
\pmbraise@=\dimen104
)
(/usr/share/texlive/texmf-dist/tex/latex/amsmath/amsopn.sty
Package: amsopn 2016/03/08 v2.02 operator names
)
\inf@bad=\count87
LaTeX Info: Redefining \frac on input line 213.
\uproot@=\count88
\leftroot@=\count89
LaTeX Info: Redefining \overline on input line 375.
\classnum@=\count90
\DOTSCASE@=\count91
LaTeX Info: Redefining \ldots on input line 472.
LaTeX Info: Redefining \dots on input line 475.
LaTeX Info: Redefining \cdots on input line 596.
\Mathstrutbox@=\box26
\strutbox@=\box27
\big@size=\dimen105
LaTeX Font Info:    Redeclaring font encoding OML on input line 712.
LaTeX Font Info:    Redeclaring font encoding OMS on input line 713.
\macc@depth=\count92
\c@MaxMatrixCols=\count93
\dotsspace@=\muskip10
\c@parentequation=\count94
\dspbrk@lvl=\count95
\tag@help=\toks15
\row@=\count96
\column@=\count97
\maxfields@=\count98
\andhelp@=\toks16
\eqnshift@=\dimen106
\alignsep@=\dimen107
\tagshift@=\dimen108
\tagwidth@=\dimen109
\totwidth@=\dimen110
\lineht@=\dimen111
\@envbody=\toks17
\multlinegap=\skip44
\multlinetaggap=\skip45
\mathdisplay@stack=\toks18
LaTeX Info: Redefining \[ on input line 2817.
LaTeX Info: Redefining \] on input line 2818.
)
(/usr/share/texlive/texmf-dist/tex/latex/amscls/amsthm.sty
Package: amsthm 2017/10/31 v2.20.4
\thm@style=\toks19
\thm@bodyfont=\toks20
\thm@headfont=\toks21
\thm@notefont=\toks22
\thm@headpunct=\toks23
\thm@preskip=\skip46
\thm@postskip=\skip47
\thm@headsep=\skip48
\dth@everypar=\toks24
)
(/usr/share/texlive/texmf-dist/tex/latex/amsfonts/amssymb.sty
Package: amssymb 2013/01/14 v3.01 AMS font symbols

(/usr/share/texlive/texmf-dist/tex/latex/amsfonts/amsfonts.sty
Package: amsfonts 2013/01/14 v3.01 Basic AMSFonts support
\symAMSa=\mathgroup4
\symAMSb=\mathgroup5
LaTeX Font Info:    Overwriting math alphabet `\mathfrak' in version `bold'
(Font)                  U/euf/m/n --> U/euf/b/n on input line 106.
))
(/usr/share/texlive/texmf-dist/tex/latex/t2/mathtext.sty
Package: mathtext 1999/01/28 v1.0 transparent text-and-math defs
LaTeX Info: Redefining \halign on input line 111.
)
(/usr/share/texlive/texmf-dist/tex/latex/base/fontenc.sty
Package: fontenc 2017/04/05 v2.0i Standard LaTeX package

(/usr/share/texlive/texmf-dist/tex/latex/base/t1enc.def
File: t1enc.def 2017/04/05 v2.0i Standard LaTeX file
LaTeX Font Info:    Redeclaring font encoding T1 on input line 48.
\symT1letters=\mathgroup6
)
(/usr/share/texlive/texmf-dist/tex/latex/cyrillic/t2aenc.def
File: t2aenc.def 2005/09/27 v1.0i Cyrillic encoding definition file
\symT2Aletters=\mathgroup7
)
LaTeX Font Info:    Try loading font information for T2A+cmr on input line 105.


(/usr/share/texlive/texmf-dist/tex/latex/cyrillic/t2acmr.fd
File: t2acmr.fd 2001/08/11 v1.0a Computer Modern Cyrillic font definitions
))
(/usr/share/texlive/texmf-dist/tex/latex/base/inputenc.sty
Package: inputenc 2015/03/17 v1.2c Input encoding file
\inpenc@prehook=\toks25
\inpenc@posthook=\toks26

(/usr/share/texlive/texmf-dist/tex/latex/base/utf8.def
File: utf8.def 2017/01/28 v1.1t UTF-8 support for inputenc
Now handling font encoding OML ...
... no UTF-8 mapping file for font encoding OML
Now handling font encoding T1 ...
... processing UTF-8 mapping file for font encoding T1

(/usr/share/texlive/texmf-dist/tex/latex/base/t1enc.dfu
File: t1enc.dfu 2017/01/28 v1.1t UTF-8 support for inputenc
   defining Unicode char U+00A0 (decimal 160)
   defining Unicode char U+00A1 (decimal 161)
   defining Unicode char U+00A3 (decimal 163)
   defining Unicode char U+00AB (decimal 171)
   defining Unicode char U+00AD (decimal 173)
   defining Unicode char U+00BB (decimal 187)
   defining Unicode char U+00BF (decimal 191)
   defining Unicode char U+00C0 (decimal 192)
   defining Unicode char U+00C1 (decimal 193)
   defining Unicode char U+00C2 (decimal 194)
   defining Unicode char U+00C3 (decimal 195)
   defining Unicode char U+00C4 (decimal 196)
   defining Unicode char U+00C5 (decimal 197)
   defining Unicode char U+00C6 (decimal 198)
   defining Unicode char U+00C7 (decimal 199)
   defining Unicode char U+00C8 (decimal 200)
   defining Unicode char U+00C9 (decimal 201)
   defining Unicode char U+00CA (decimal 202)
   defining Unicode char U+00CB (decimal 203)
   defining Unicode char U+00CC (decimal 204)
   defining Unicode char U+00CD (decimal 205)
   defining Unicode char U+00CE (decimal 206)
   defining Unicode char U+00CF (decimal 207)
   defining Unicode char U+00D0 (decimal 208)
   defining Unicode char U+00D1 (decimal 209)
   defining Unicode char U+00D2 (decimal 210)
   defining Unicode char U+00D3 (decimal 211)
   defining Unicode char U+00D4 (decimal 212)
   defining Unicode char U+00D5 (decimal 213)
   defining Unicode char U+00D6 (decimal 214)
   defining Unicode char U+00D8 (decimal 216)
   defining Unicode char U+00D9 (decimal 217)
   defining Unicode char U+00DA (decimal 218)
   defining Unicode char U+00DB (decimal 219)
   defining Unicode char U+00DC (decimal 220)
   defining Unicode char U+00DD (decimal 221)
   defining Unicode char U+00DE (decimal 222)
   defining Unicode char U+00DF (decimal 223)
   defining Unicode char U+00E0 (decimal 224)
   defining Unicode char U+00E1 (decimal 225)
   defining Unicode char U+00E2 (decimal 226)
   defining Unicode char U+00E3 (decimal 227)
   defining Unicode char U+00E4 (decimal 228)
   defining Unicode char U+00E5 (decimal 229)
   defining Unicode char U+00E6 (decimal 230)
   defining Unicode char U+00E7 (decimal 231)
   defining Unicode char U+00E8 (decimal 232)
   defining Unicode char U+00E9 (decimal 233)
   defining Unicode char U+00EA (decimal 234)
   defining Unicode char U+00EB (decimal 235)
   defining Unicode char U+00EC (decimal 236)
   defining Unicode char U+00ED (decimal 237)
   defining Unicode char U+00EE (decimal 238)
   defining Unicode char U+00EF (decimal 239)
   defining Unicode char U+00F0 (decimal 240)
   defining Unicode char U+00F1 (decimal 241)
   defining Unicode char U+00F2 (decimal 242)
   defining Unicode char U+00F3 (decimal 243)
   defining Unicode char U+00F4 (decimal 244)
   defining Unicode char U+00F5 (decimal 245)
   defining Unicode char U+00F6 (decimal 246)
   defining Unicode char U+00F8 (decimal 248)
   defining Unicode char U+00F9 (decimal 249)
   defining Unicode char U+00FA (decimal 250)
   defining Unicode char U+00FB (decimal 251)
   defining Unicode char U+00FC (decimal 252)
   defining Unicode char U+00FD (decimal 253)
   defining Unicode char U+00FE (decimal 254)
   defining Unicode char U+00FF (decimal 255)
   defining Unicode char U+0100 (decimal 256)
   defining Unicode char U+0101 (decimal 257)
   defining Unicode char U+0102 (decimal 258)
   defining Unicode char U+0103 (decimal 259)
   defining Unicode char U+0104 (decimal 260)
   defining Unicode char U+0105 (decimal 261)
   defining Unicode char U+0106 (decimal 262)
   defining Unicode char U+0107 (decimal 263)
   defining Unicode char U+0108 (decimal 264)
   defining Unicode char U+0109 (decimal 265)
   defining Unicode char U+010A (decimal 266)
   defining Unicode char U+010B (decimal 267)
   defining Unicode char U+010C (decimal 268)
   defining Unicode char U+010D (decimal 269)
   defining Unicode char U+010E (decimal 270)
   defining Unicode char U+010F (decimal 271)
   defining Unicode char U+0110 (decimal 272)
   defining Unicode char U+0111 (decimal 273)
   defining Unicode char U+0112 (decimal 274)
   defining Unicode char U+0113 (decimal 275)
   defining Unicode char U+0114 (decimal 276)
   defining Unicode char U+0115 (decimal 277)
   defining Unicode char U+0116 (decimal 278)
   defining Unicode char U+0117 (decimal 279)
   defining Unicode char U+0118 (decimal 280)
   defining Unicode char U+0119 (decimal 281)
   defining Unicode char U+011A (decimal 282)
   defining Unicode char U+011B (decimal 283)
   defining Unicode char U+011C (decimal 284)
   defining Unicode char U+011D (decimal 285)
   defining Unicode char U+011E (decimal 286)
   defining Unicode char U+011F (decimal 287)
   defining Unicode char U+0120 (decimal 288)
   defining Unicode char U+0121 (decimal 289)
   defining Unicode char U+0122 (decimal 290)
   defining Unicode char U+0123 (decimal 291)
   defining Unicode char U+0124 (decimal 292)
   defining Unicode char U+0125 (decimal 293)
   defining Unicode char U+0128 (decimal 296)
   defining Unicode char U+0129 (decimal 297)
   defining Unicode char U+012A (decimal 298)
   defining Unicode char U+012B (decimal 299)
   defining Unicode char U+012C (decimal 300)
   defining Unicode char U+012D (decimal 301)
   defining Unicode char U+012E (decimal 302)
   defining Unicode char U+012F (decimal 303)
   defining Unicode char U+0130 (decimal 304)
   defining Unicode char U+0131 (decimal 305)
   defining Unicode char U+0132 (decimal 306)
   defining Unicode char U+0133 (decimal 307)
   defining Unicode char U+0134 (decimal 308)
   defining Unicode char U+0135 (decimal 309)
   defining Unicode char U+0136 (decimal 310)
   defining Unicode char U+0137 (decimal 311)
   defining Unicode char U+0139 (decimal 313)
   defining Unicode char U+013A (decimal 314)
   defining Unicode char U+013B (decimal 315)
   defining Unicode char U+013C (decimal 316)
   defining Unicode char U+013D (decimal 317)
   defining Unicode char U+013E (decimal 318)
   defining Unicode char U+0141 (decimal 321)
   defining Unicode char U+0142 (decimal 322)
   defining Unicode char U+0143 (decimal 323)
   defining Unicode char U+0144 (decimal 324)
   defining Unicode char U+0145 (decimal 325)
   defining Unicode char U+0146 (decimal 326)
   defining Unicode char U+0147 (decimal 327)
   defining Unicode char U+0148 (decimal 328)
   defining Unicode char U+014A (decimal 330)
   defining Unicode char U+014B (decimal 331)
   defining Unicode char U+014C (decimal 332)
   defining Unicode char U+014D (decimal 333)
   defining Unicode char U+014E (decimal 334)
   defining Unicode char U+014F (decimal 335)
   defining Unicode char U+0150 (decimal 336)
   defining Unicode char U+0151 (decimal 337)
   defining Unicode char U+0152 (decimal 338)
   defining Unicode char U+0153 (decimal 339)
   defining Unicode char U+0154 (decimal 340)
   defining Unicode char U+0155 (decimal 341)
   defining Unicode char U+0156 (decimal 342)
   defining Unicode char U+0157 (decimal 343)
   defining Unicode char U+0158 (decimal 344)
   defining Unicode char U+0159 (decimal 345)
   defining Unicode char U+015A (decimal 346)
   defining Unicode char U+015B (decimal 347)
   defining Unicode char U+015C (decimal 348)
   defining Unicode char U+015D (decimal 349)
   defining Unicode char U+015E (decimal 350)
   defining Unicode char U+015F (decimal 351)
   defining Unicode char U+0160 (decimal 352)
   defining Unicode char U+0161 (decimal 353)
   defining Unicode char U+0162 (decimal 354)
   defining Unicode char U+0163 (decimal 355)
   defining Unicode char U+0164 (decimal 356)
   defining Unicode char U+0165 (decimal 357)
   defining Unicode char U+0168 (decimal 360)
   defining Unicode char U+0169 (decimal 361)
   defining Unicode char U+016A (decimal 362)
   defining Unicode char U+016B (decimal 363)
   defining Unicode char U+016C (decimal 364)
   defining Unicode char U+016D (decimal 365)
   defining Unicode char U+016E (decimal 366)
   defining Unicode char U+016F (decimal 367)
   defining Unicode char U+0170 (decimal 368)
   defining Unicode char U+0171 (decimal 369)
   defining Unicode char U+0172 (decimal 370)
   defining Unicode char U+0173 (decimal 371)
   defining Unicode char U+0174 (decimal 372)
   defining Unicode char U+0175 (decimal 373)
   defining Unicode char U+0176 (decimal 374)
   defining Unicode char U+0177 (decimal 375)
   defining Unicode char U+0178 (decimal 376)
   defining Unicode char U+0179 (decimal 377)
   defining Unicode char U+017A (decimal 378)
   defining Unicode char U+017B (decimal 379)
   defining Unicode char U+017C (decimal 380)
   defining Unicode char U+017D (decimal 381)
   defining Unicode char U+017E (decimal 382)
   defining Unicode char U+01CD (decimal 461)
   defining Unicode char U+01CE (decimal 462)
   defining Unicode char U+01CF (decimal 463)
   defining Unicode char U+01D0 (decimal 464)
   defining Unicode char U+01D1 (decimal 465)
   defining Unicode char U+01D2 (decimal 466)
   defining Unicode char U+01D3 (decimal 467)
   defining Unicode char U+01D4 (decimal 468)
   defining Unicode char U+01E2 (decimal 482)
   defining Unicode char U+01E3 (decimal 483)
   defining Unicode char U+01E6 (decimal 486)
   defining Unicode char U+01E7 (decimal 487)
   defining Unicode char U+01E8 (decimal 488)
   defining Unicode char U+01E9 (decimal 489)
   defining Unicode char U+01EA (decimal 490)
   defining Unicode char U+01EB (decimal 491)
   defining Unicode char U+01F0 (decimal 496)
   defining Unicode char U+01F4 (decimal 500)
   defining Unicode char U+01F5 (decimal 501)
   defining Unicode char U+0218 (decimal 536)
   defining Unicode char U+0219 (decimal 537)
   defining Unicode char U+021A (decimal 538)
   defining Unicode char U+021B (decimal 539)
   defining Unicode char U+0232 (decimal 562)
   defining Unicode char U+0233 (decimal 563)
   defining Unicode char U+1E02 (decimal 7682)
   defining Unicode char U+1E03 (decimal 7683)
   defining Unicode char U+200C (decimal 8204)
   defining Unicode char U+2010 (decimal 8208)
   defining Unicode char U+2011 (decimal 8209)
   defining Unicode char U+2012 (decimal 8210)
   defining Unicode char U+2013 (decimal 8211)
   defining Unicode char U+2014 (decimal 8212)
   defining Unicode char U+2015 (decimal 8213)
   defining Unicode char U+2018 (decimal 8216)
   defining Unicode char U+2019 (decimal 8217)
   defining Unicode char U+201A (decimal 8218)
   defining Unicode char U+201C (decimal 8220)
   defining Unicode char U+201D (decimal 8221)
   defining Unicode char U+201E (decimal 8222)
   defining Unicode char U+2030 (decimal 8240)
   defining Unicode char U+2031 (decimal 8241)
   defining Unicode char U+2039 (decimal 8249)
   defining Unicode char U+203A (decimal 8250)
   defining Unicode char U+2423 (decimal 9251)
   defining Unicode char U+1E20 (decimal 7712)
   defining Unicode char U+1E21 (decimal 7713)
)
Now handling font encoding OT1 ...
... processing UTF-8 mapping file for font encoding OT1

(/usr/share/texlive/texmf-dist/tex/latex/base/ot1enc.dfu
File: ot1enc.dfu 2017/01/28 v1.1t UTF-8 support for inputenc
   defining Unicode char U+00A0 (decimal 160)
   defining Unicode char U+00A1 (decimal 161)
   defining Unicode char U+00A3 (decimal 163)
   defining Unicode char U+00AD (decimal 173)
   defining Unicode char U+00B8 (decimal 184)
   defining Unicode char U+00BF (decimal 191)
   defining Unicode char U+00C5 (decimal 197)
   defining Unicode char U+00C6 (decimal 198)
   defining Unicode char U+00D8 (decimal 216)
   defining Unicode char U+00DF (decimal 223)
   defining Unicode char U+00E6 (decimal 230)
   defining Unicode char U+00EC (decimal 236)
   defining Unicode char U+00ED (decimal 237)
   defining Unicode char U+00EE (decimal 238)
   defining Unicode char U+00EF (decimal 239)
   defining Unicode char U+00F8 (decimal 248)
   defining Unicode char U+0131 (decimal 305)
   defining Unicode char U+0141 (decimal 321)
   defining Unicode char U+0142 (decimal 322)
   defining Unicode char U+0152 (decimal 338)
   defining Unicode char U+0153 (decimal 339)
   defining Unicode char U+0174 (decimal 372)
   defining Unicode char U+0175 (decimal 373)
   defining Unicode char U+0176 (decimal 374)
   defining Unicode char U+0177 (decimal 375)
   defining Unicode char U+0218 (decimal 536)
   defining Unicode char U+0219 (decimal 537)
   defining Unicode char U+021A (decimal 538)
   defining Unicode char U+021B (decimal 539)
   defining Unicode char U+2013 (decimal 8211)
   defining Unicode char U+2014 (decimal 8212)
   defining Unicode char U+2018 (decimal 8216)
   defining Unicode char U+2019 (decimal 8217)
   defining Unicode char U+201C (decimal 8220)
   defining Unicode char U+201D (decimal 8221)
)
Now handling font encoding OMS ...
... processing UTF-8 mapping file for font encoding OMS

(/usr/share/texlive/texmf-dist/tex/latex/base/omsenc.dfu
File: omsenc.dfu 2017/01/28 v1.1t UTF-8 support for inputenc
   defining Unicode char U+00A7 (decimal 167)
   defining Unicode char U+00B6 (decimal 182)
   defining Unicode char U+00B7 (decimal 183)
   defining Unicode char U+2020 (decimal 8224)
   defining Unicode char U+2021 (decimal 8225)
   defining Unicode char U+2022 (decimal 8226)
)
Now handling font encoding OMX ...
... no UTF-8 mapping file for font encoding OMX
Now handling font encoding U ...
... no UTF-8 mapping file for font encoding U
Now handling font encoding T2A ...
... processing UTF-8 mapping file for font encoding T2A

(/usr/share/texlive/texmf-dist/tex/latex/base/t2aenc.dfu
File: t2aenc.dfu 2017/01/28 v1.1t UTF-8 support for inputenc
   defining Unicode char U+00A4 (decimal 164)
   defining Unicode char U+00A7 (decimal 167)
   defining Unicode char U+00AB (decimal 171)
   defining Unicode char U+00BB (decimal 187)
   defining Unicode char U+0131 (decimal 305)
   defining Unicode char U+0400 (decimal 1024)
   defining Unicode char U+0401 (decimal 1025)
   defining Unicode char U+0402 (decimal 1026)
   defining Unicode char U+0403 (decimal 1027)
   defining Unicode char U+0404 (decimal 1028)
   defining Unicode char U+0405 (decimal 1029)
   defining Unicode char U+0406 (decimal 1030)
   defining Unicode char U+0407 (decimal 1031)
   defining Unicode char U+0408 (decimal 1032)
   defining Unicode char U+0409 (decimal 1033)
   defining Unicode char U+040A (decimal 1034)
   defining Unicode char U+040B (decimal 1035)
   defining Unicode char U+040C (decimal 1036)
   defining Unicode char U+040D (decimal 1037)
   defining Unicode char U+040E (decimal 1038)
   defining Unicode char U+040F (decimal 1039)
   defining Unicode char U+0410 (decimal 1040)
   defining Unicode char U+0411 (decimal 1041)
   defining Unicode char U+0412 (decimal 1042)
   defining Unicode char U+0413 (decimal 1043)
   defining Unicode char U+0414 (decimal 1044)
   defining Unicode char U+0415 (decimal 1045)
   defining Unicode char U+0416 (decimal 1046)
   defining Unicode char U+0417 (decimal 1047)
   defining Unicode char U+0418 (decimal 1048)
   defining Unicode char U+0419 (decimal 1049)
   defining Unicode char U+041A (decimal 1050)
   defining Unicode char U+041B (decimal 1051)
   defining Unicode char U+041C (decimal 1052)
   defining Unicode char U+041D (decimal 1053)
   defining Unicode char U+041E (decimal 1054)
   defining Unicode char U+041F (decimal 1055)
   defining Unicode char U+0420 (decimal 1056)
   defining Unicode char U+0421 (decimal 1057)
   defining Unicode char U+0422 (decimal 1058)
   defining Unicode char U+0423 (decimal 1059)
   defining Unicode char U+0424 (decimal 1060)
   defining Unicode char U+0425 (decimal 1061)
   defining Unicode char U+0426 (decimal 1062)
   defining Unicode char U+0427 (decimal 1063)
   defining Unicode char U+0428 (decimal 1064)
   defining Unicode char U+0429 (decimal 1065)
   defining Unicode char U+042A (decimal 1066)
   defining Unicode char U+042B (decimal 1067)
   defining Unicode char U+042C (decimal 1068)
   defining Unicode char U+042D (decimal 1069)
   defining Unicode char U+042E (decimal 1070)
   defining Unicode char U+042F (decimal 1071)
   defining Unicode char U+0430 (decimal 1072)
   defining Unicode char U+0431 (decimal 1073)
   defining Unicode char U+0432 (decimal 1074)
   defining Unicode char U+0433 (decimal 1075)
   defining Unicode char U+0434 (decimal 1076)
   defining Unicode char U+0435 (decimal 1077)
   defining Unicode char U+0436 (decimal 1078)
   defining Unicode char U+0437 (decimal 1079)
   defining Unicode char U+0438 (decimal 1080)
   defining Unicode char U+0439 (decimal 1081)
   defining Unicode char U+043A (decimal 1082)
   defining Unicode char U+043B (decimal 1083)
   defining Unicode char U+043C (decimal 1084)
   defining Unicode char U+043D (decimal 1085)
   defining Unicode char U+043E (decimal 1086)
   defining Unicode char U+043F (decimal 1087)
   defining Unicode char U+0440 (decimal 1088)
   defining Unicode char U+0441 (decimal 1089)
   defining Unicode char U+0442 (decimal 1090)
   defining Unicode char U+0443 (decimal 1091)
   defining Unicode char U+0444 (decimal 1092)
   defining Unicode char U+0445 (decimal 1093)
   defining Unicode char U+0446 (decimal 1094)
   defining Unicode char U+0447 (decimal 1095)
   defining Unicode char U+0448 (decimal 1096)
   defining Unicode char U+0449 (decimal 1097)
   defining Unicode char U+044A (decimal 1098)
   defining Unicode char U+044B (decimal 1099)
   defining Unicode char U+044C (decimal 1100)
   defining Unicode char U+044D (decimal 1101)
   defining Unicode char U+044E (decimal 1102)
   defining Unicode char U+044F (decimal 1103)
   defining Unicode char U+0450 (decimal 1104)
   defining Unicode char U+0451 (decimal 1105)
   defining Unicode char U+0452 (decimal 1106)
   defining Unicode char U+0453 (decimal 1107)
   defining Unicode char U+0454 (decimal 1108)
   defining Unicode char U+0455 (decimal 1109)
   defining Unicode char U+0456 (decimal 1110)
   defining Unicode char U+0457 (decimal 1111)
   defining Unicode char U+0458 (decimal 1112)
   defining Unicode char U+0459 (decimal 1113)
   defining Unicode char U+045A (decimal 1114)
   defining Unicode char U+045B (decimal 1115)
   defining Unicode char U+045C (decimal 1116)
   defining Unicode char U+045D (decimal 1117)
   defining Unicode char U+045E (decimal 1118)
   defining Unicode char U+045F (decimal 1119)
   defining Unicode char U+0490 (decimal 1168)
   defining Unicode char U+0491 (decimal 1169)
   defining Unicode char U+0492 (decimal 1170)
   defining Unicode char U+0493 (decimal 1171)
   defining Unicode char U+0496 (decimal 1174)
   defining Unicode char U+0497 (decimal 1175)
   defining Unicode char U+0498 (decimal 1176)
   defining Unicode char U+0499 (decimal 1177)
   defining Unicode char U+049A (decimal 1178)
   defining Unicode char U+049B (decimal 1179)
   defining Unicode char U+049C (decimal 1180)
   defining Unicode char U+049D (decimal 1181)
   defining Unicode char U+04A0 (decimal 1184)
   defining Unicode char U+04A1 (decimal 1185)
   defining Unicode char U+04A2 (decimal 1186)
   defining Unicode char U+04A3 (decimal 1187)
   defining Unicode char U+04A4 (decimal 1188)
   defining Unicode char U+04A5 (decimal 1189)
   defining Unicode char U+04AA (decimal 1194)
   defining Unicode char U+04AB (decimal 1195)
   defining Unicode char U+04AE (decimal 1198)
   defining Unicode char U+04AF (decimal 1199)
   defining Unicode char U+04B0 (decimal 1200)
   defining Unicode char U+04B1 (decimal 1201)
   defining Unicode char U+04B2 (decimal 1202)
   defining Unicode char U+04B3 (decimal 1203)
   defining Unicode char U+04B6 (decimal 1206)
   defining Unicode char U+04B7 (decimal 1207)
   defining Unicode char U+04B8 (decimal 1208)
   defining Unicode char U+04B9 (decimal 1209)
   defining Unicode char U+04BA (decimal 1210)
   defining Unicode char U+04BB (decimal 1211)
   defining Unicode char U+04C0 (decimal 1216)
   defining Unicode char U+04C1 (decimal 1217)
   defining Unicode char U+04C2 (decimal 1218)
   defining Unicode char U+04D0 (decimal 1232)
   defining Unicode char U+04D1 (decimal 1233)
   defining Unicode char U+04D2 (decimal 1234)
   defining Unicode char U+04D3 (decimal 1235)
   defining Unicode char U+04D4 (decimal 1236)
   defining Unicode char U+04D5 (decimal 1237)
   defining Unicode char U+04D6 (decimal 1238)
   defining Unicode char U+04D7 (decimal 1239)
   defining Unicode char U+04D8 (decimal 1240)
   defining Unicode char U+04D9 (decimal 1241)
   defining Unicode char U+04DA (decimal 1242)
   defining Unicode char U+04DB (decimal 1243)
   defining Unicode char U+04DC (decimal 1244)
   defining Unicode char U+04DD (decimal 1245)
   defining Unicode char U+04DE (decimal 1246)
   defining Unicode char U+04DF (decimal 1247)
   defining Unicode char U+04E2 (decimal 1250)
   defining Unicode char U+04E3 (decimal 1251)
   defining Unicode char U+04E4 (decimal 1252)
   defining Unicode char U+04E5 (decimal 1253)
   defining Unicode char U+04E6 (decimal 1254)
   defining Unicode char U+04E7 (decimal 1255)
   defining Unicode char U+04E8 (decimal 1256)
   defining Unicode char U+04E9 (decimal 1257)
   defining Unicode char U+04EC (decimal 1260)
   defining Unicode char U+04ED (decimal 1261)
   defining Unicode char U+04EE (decimal 1262)
   defining Unicode char U+04EF (decimal 1263)
   defining Unicode char U+04F0 (decimal 1264)
   defining Unicode char U+04F1 (decimal 1265)
   defining Unicode char U+04F2 (decimal 1266)
   defining Unicode char U+04F3 (decimal 1267)
   defining Unicode char U+04F4 (decimal 1268)
   defining Unicode char U+04F5 (decimal 1269)
   defining Unicode char U+04F8 (decimal 1272)
   defining Unicode char U+04F9 (decimal 1273)
   defining Unicode char U+200C (decimal 8204)
   defining Unicode char U+2013 (decimal 8211)
   defining Unicode char U+2014 (decimal 8212)
   defining Unicode char U+2018 (decimal 8216)
   defining Unicode char U+2019 (decimal 8217)
   defining Unicode char U+201C (decimal 8220)
   defining Unicode char U+201D (decimal 8221)
   defining Unicode char U+201E (decimal 8222)
   defining Unicode char U+2030 (decimal 8240)
   defining Unicode char U+2031 (decimal 8241)
   defining Unicode char U+2116 (decimal 8470)
   defining Unicode char U+2329 (decimal 9001)
   defining Unicode char U+232A (decimal 9002)
   defining Unicode char U+2423 (decimal 9251)
)
   defining Unicode char U+00A9 (decimal 169)
   defining Unicode char U+00AA (decimal 170)
   defining Unicode char U+00AE (decimal 174)
   defining Unicode char U+00BA (decimal 186)
   defining Unicode char U+02C6 (decimal 710)
   defining Unicode char U+02DC (decimal 732)
   defining Unicode char U+200C (decimal 8204)
   defining Unicode char U+2026 (decimal 8230)
   defining Unicode char U+2122 (decimal 8482)
   defining Unicode char U+2423 (decimal 9251)
))
(/usr/share/texlive/texmf-dist/tex/generic/babel/babel.sty
Package: babel 2018/02/14 3.18 The Babel package

(/usr/share/texlive/texmf-dist/tex/generic/babel/switch.def
File: switch.def 2018/02/14 3.18 Babel switching mechanism
)
(/usr/share/texlive/texmf-dist/tex/generic/babel-english/english.ldf
Language: english 2017/06/06 v3.3r English support from the babel system

(/usr/share/texlive/texmf-dist/tex/generic/babel/babel.def
File: babel.def 2018/02/14 3.18 Babel common definitions
\babel@savecnt=\count99
\U@D=\dimen112

(/usr/share/texlive/texmf-dist/tex/generic/babel/txtbabel.def)
\bbl@dirlevel=\count100
)
\l@canadian = a dialect from \language\l@american 
\l@australian = a dialect from \language\l@british 
\l@newzealand = a dialect from \language\l@british 
)
(/usr/share/texlive/texmf-dist/tex/generic/babel-russian/russianb.ldf
Language: russian 2017/08/12 1.3j Russian support for the Babel system
Package babel Info: Making " an active character on input line 120.
Package babel Info: Default for \cyrdash is provided on input line 157.
))
(/usr/share/texlive/texmf-dist/tex/latex/graphics/graphicx.sty
Package: graphicx 2017/06/01 v1.1a Enhanced LaTeX Graphics (DPC,SPQR)

(/usr/share/texlive/texmf-dist/tex/latex/graphics/keyval.sty
Package: keyval 2014/10/28 v1.15 key=value parser (DPC)
\KV@toks@=\toks27
)
(/usr/share/texlive/texmf-dist/tex/latex/graphics/graphics.sty
Package: graphics 2017/06/25 v1.2c Standard LaTeX Graphics (DPC,SPQR)

(/usr/share/texlive/texmf-dist/tex/latex/graphics/trig.sty
Package: trig 2016/01/03 v1.10 sin cos tan (DPC)
)
(/usr/share/texlive/texmf-dist/tex/latex/graphics-cfg/graphics.cfg
File: graphics.cfg 2016/06/04 v1.11 sample graphics configuration
)
Package graphics Info: Driver file: pdftex.def on input line 99.

(/usr/share/texlive/texmf-dist/tex/latex/graphics-def/pdftex.def
File: pdftex.def 2018/01/08 v1.0l Graphics/color driver for pdftex
))
\Gin@req@height=\dimen113
\Gin@req@width=\dimen114
)
(/usr/share/texlive/texmf-dist/tex/latex/geometry/geometry.sty
Package: geometry 2010/09/12 v5.6 Page Geometry

(/usr/share/texlive/texmf-dist/tex/generic/oberdiek/ifpdf.sty
Package: ifpdf 2017/03/15 v3.2 Provides the ifpdf switch
)
(/usr/share/texlive/texmf-dist/tex/generic/oberdiek/ifvtex.sty
Package: ifvtex 2016/05/16 v1.6 Detect VTeX and its facilities (HO)
Package ifvtex Info: VTeX not detected.
)
(/usr/share/texlive/texmf-dist/tex/generic/ifxetex/ifxetex.sty
Package: ifxetex 2010/09/12 v0.6 Provides ifxetex conditional
)
\Gm@cnth=\count101
\Gm@cntv=\count102
\c@Gm@tempcnt=\count103
\Gm@bindingoffset=\dimen115
\Gm@wd@mp=\dimen116
\Gm@odd@mp=\dimen117
\Gm@even@mp=\dimen118
\Gm@layoutwidth=\dimen119
\Gm@layoutheight=\dimen120
\Gm@layouthoffset=\dimen121
\Gm@layoutvoffset=\dimen122
\Gm@dimlist=\toks28
)
(/usr/share/texlive/texmf-dist/tex/latex/tools/indentfirst.sty
Package: indentfirst 1995/11/23 v1.03 Indent first paragraph (DPC)
)
(/usr/share/texlive/texmf-dist/tex/latex/multirow/multirow.sty
Package: multirow 2016/11/25 v2.2 Span multiple rows of a table
\multirow@colwidth=\skip49
\multirow@cntb=\count104
\multirow@dima=\skip50
\bigstrutjot=\dimen123
)
(/usr/share/texlive/texmf-dist/tex/latex/tools/hhline.sty
Package: hhline 2014/10/28 v2.03 Table rule package (DPC)
)
(/usr/share/texlive/texmf-dist/tex/latex/setspace/setspace.sty
Package: setspace 2011/12/19 v6.7a set line spacing
)
(/usr/share/texlive/texmf-dist/tex/latex/subfiles/subfiles.sty
Package: subfiles 2012/05/23 Federico Garcia

(/usr/share/texlive/texmf-dist/tex/latex/tools/verbatim.sty
Package: verbatim 2014/10/28 v1.5q LaTeX2e package for verbatim enhancements
\every@verbatim=\toks29
\verbatim@line=\toks30
\verbatim@in@stream=\read1
))
(/usr/share/texlive/texmf-dist/tex/latex/float/float.sty
Package: float 2001/11/08 v1.3d Float enhancements (AL)
\c@float@type=\count105
\float@exts=\toks31
\float@box=\box28
\@float@everytoks=\toks32
\@floatcapt=\box29
)
(/usr/share/texlive/texmf-dist/tex/latex/hyperref/hyperref.sty
Package: hyperref 2018/02/06 v6.86b Hypertext links for LaTeX

(/usr/share/texlive/texmf-dist/tex/generic/oberdiek/hobsub-hyperref.sty
Package: hobsub-hyperref 2016/05/16 v1.14 Bundle oberdiek, subset hyperref (HO)


(/usr/share/texlive/texmf-dist/tex/generic/oberdiek/hobsub-generic.sty
Package: hobsub-generic 2016/05/16 v1.14 Bundle oberdiek, subset generic (HO)
Package: hobsub 2016/05/16 v1.14 Construct package bundles (HO)
Package: infwarerr 2016/05/16 v1.4 Providing info/warning/error messages (HO)
Package: ltxcmds 2016/05/16 v1.23 LaTeX kernel commands for general use (HO)
Package: ifluatex 2016/05/16 v1.4 Provides the ifluatex switch (HO)
Package ifluatex Info: LuaTeX not detected.
Package hobsub Info: Skipping package `ifvtex' (already loaded).
Package: intcalc 2016/05/16 v1.2 Expandable calculations with integers (HO)
Package hobsub Info: Skipping package `ifpdf' (already loaded).
Package: etexcmds 2016/05/16 v1.6 Avoid name clashes with e-TeX commands (HO)
Package etexcmds Info: Could not find \expanded.
(etexcmds)             That can mean that you are not using pdfTeX 1.50 or
(etexcmds)             that some package has redefined \expanded.
(etexcmds)             In the latter case, load this package earlier.
Package: kvsetkeys 2016/05/16 v1.17 Key value parser (HO)
Package: kvdefinekeys 2016/05/16 v1.4 Define keys (HO)
Package: pdftexcmds 2018/01/21 v0.26 Utility functions of pdfTeX for LuaTeX (HO
)
Package pdftexcmds Info: LuaTeX not detected.
Package pdftexcmds Info: \pdf@primitive is available.
Package pdftexcmds Info: \pdf@ifprimitive is available.
Package pdftexcmds Info: \pdfdraftmode found.
Package: pdfescape 2016/05/16 v1.14 Implements pdfTeX's escape features (HO)
Package: bigintcalc 2016/05/16 v1.4 Expandable calculations on big integers (HO
)
Package: bitset 2016/05/16 v1.2 Handle bit-vector datatype (HO)
Package: uniquecounter 2016/05/16 v1.3 Provide unlimited unique counter (HO)
)
Package hobsub Info: Skipping package `hobsub' (already loaded).
Package: letltxmacro 2016/05/16 v1.5 Let assignment for LaTeX macros (HO)
Package: hopatch 2016/05/16 v1.3 Wrapper for package hooks (HO)
Package: xcolor-patch 2016/05/16 xcolor patch
Package: atveryend 2016/05/16 v1.9 Hooks at the very end of document (HO)
Package atveryend Info: \enddocument detected (standard20110627).
Package: atbegshi 2016/06/09 v1.18 At begin shipout hook (HO)
Package: refcount 2016/05/16 v3.5 Data extraction from label references (HO)
Package: hycolor 2016/05/16 v1.8 Color options for hyperref/bookmark (HO)
)
(/usr/share/texlive/texmf-dist/tex/latex/oberdiek/auxhook.sty
Package: auxhook 2016/05/16 v1.4 Hooks for auxiliary files (HO)
)
(/usr/share/texlive/texmf-dist/tex/latex/oberdiek/kvoptions.sty
Package: kvoptions 2016/05/16 v3.12 Key value format for package options (HO)
)
\@linkdim=\dimen124
\Hy@linkcounter=\count106
\Hy@pagecounter=\count107

(/usr/share/texlive/texmf-dist/tex/latex/hyperref/pd1enc.def
File: pd1enc.def 2018/02/06 v6.86b Hyperref: PDFDocEncoding definition (HO)
Now handling font encoding PD1 ...
... no UTF-8 mapping file for font encoding PD1
)
\Hy@SavedSpaceFactor=\count108
Package hyperref Info: Option `unicode' set `true' on input line 3456.

(/usr/share/texlive/texmf-dist/tex/latex/hyperref/puenc.def
File: puenc.def 2018/02/06 v6.86b Hyperref: PDF Unicode definition (HO)
Now handling font encoding PU ...
... no UTF-8 mapping file for font encoding PU
)
(/usr/share/texlive/texmf-dist/tex/latex/latexconfig/hyperref.cfg
File: hyperref.cfg 2002/06/06 v1.2 hyperref configuration of TeXLive
)
Package hyperref Info: Hyper figures OFF on input line 4509.
Package hyperref Info: Link nesting OFF on input line 4514.
Package hyperref Info: Hyper index ON on input line 4517.
Package hyperref Info: Plain pages OFF on input line 4524.
Package hyperref Info: Backreferencing OFF on input line 4529.
Package hyperref Info: Implicit mode ON; LaTeX internals redefined.
Package hyperref Info: Bookmarks ON on input line 4762.
\c@Hy@tempcnt=\count109

(/usr/share/texlive/texmf-dist/tex/latex/url/url.sty
\Urlmuskip=\muskip11
Package: url 2013/09/16  ver 3.4  Verb mode for urls, etc.
)
LaTeX Info: Redefining \url on input line 5115.
\XeTeXLinkMargin=\dimen125
\Fld@menulength=\count110
\Field@Width=\dimen126
\Fld@charsize=\dimen127
Package hyperref Info: Hyper figures OFF on input line 6369.
Package hyperref Info: Link nesting OFF on input line 6374.
Package hyperref Info: Hyper index ON on input line 6377.
Package hyperref Info: backreferencing OFF on input line 6384.
Package hyperref Info: Link coloring OFF on input line 6389.
Package hyperref Info: Link coloring with OCG OFF on input line 6394.
Package hyperref Info: PDF/A mode OFF on input line 6399.
LaTeX Info: Redefining \ref on input line 6439.
LaTeX Info: Redefining \pageref on input line 6443.
\Hy@abspage=\count111
\c@Item=\count112
\c@Hfootnote=\count113
)
Package hyperref Info: Driver (autodetected): hpdftex.

(/usr/share/texlive/texmf-dist/tex/latex/hyperref/hpdftex.def
File: hpdftex.def 2018/02/06 v6.86b Hyperref driver for pdfTeX
\Fld@listcount=\count114
\c@bookmark@seq@number=\count115

(/usr/share/texlive/texmf-dist/tex/latex/oberdiek/rerunfilecheck.sty
Package: rerunfilecheck 2016/05/16 v1.8 Rerun checks for auxiliary files (HO)
Package uniquecounter Info: New unique counter `rerunfilecheck' on input line 2
82.
)
\Hy@SectionHShift=\skip51
)
(/usr/share/texlive/texmf-dist/tex/latex/graphics/color.sty
Package: color 2016/07/10 v1.1e Standard LaTeX Color (DPC)

(/usr/share/texlive/texmf-dist/tex/latex/graphics-cfg/color.cfg
File: color.cfg 2016/01/02 v1.6 sample color configuration
)
Package color Info: Driver file: pdftex.def on input line 147.
)
(/usr/share/texlive/texmf-dist/tex/latex/listings/listings.sty
\lst@mode=\count116
\lst@gtempboxa=\box30
\lst@token=\toks33
\lst@length=\count117
\lst@currlwidth=\dimen128
\lst@column=\count118
\lst@pos=\count119
\lst@lostspace=\dimen129
\lst@width=\dimen130
\lst@newlines=\count120
\lst@lineno=\count121
\lst@maxwidth=\dimen131

(/usr/share/texlive/texmf-dist/tex/latex/listings/lstmisc.sty
File: lstmisc.sty 2015/06/04 1.6 (Carsten Heinz)
\c@lstnumber=\count122
\lst@skipnumbers=\count123
\lst@framebox=\box31
)
(/usr/share/texlive/texmf-dist/tex/latex/listings/listings.cfg
File: listings.cfg 2015/06/04 1.6 listings configuration
))
Package: listings 2015/06/04 1.6 (Carsten Heinz)

(/usr/share/texlive/texmf-dist/tex/latex/xcolor/xcolor.sty
Package: xcolor 2016/05/11 v2.12 LaTeX color extensions (UK)

(/usr/share/texlive/texmf-dist/tex/latex/graphics-cfg/color.cfg
File: color.cfg 2016/01/02 v1.6 sample color configuration
)
Package xcolor Info: Driver file: pdftex.def on input line 225.
LaTeX Info: Redefining \color on input line 709.
Package xcolor Info: Model `cmy' substituted by `cmy0' on input line 1348.
Package xcolor Info: Model `hsb' substituted by `rgb' on input line 1352.
Package xcolor Info: Model `RGB' extended on input line 1364.
Package xcolor Info: Model `HTML' substituted by `rgb' on input line 1366.
Package xcolor Info: Model `Hsb' substituted by `hsb' on input line 1367.
Package xcolor Info: Model `tHsb' substituted by `hsb' on input line 1368.
Package xcolor Info: Model `HSB' substituted by `hsb' on input line 1369.
Package xcolor Info: Model `Gray' substituted by `gray' on input line 1370.
Package xcolor Info: Model `wave' substituted by `hsb' on input line 1371.
)
(/usr/share/texlive/texmf-dist/tex/latex/pagecolor/pagecolor.sty
Package: pagecolor 2017/05/29 v1.0i Provides thepagecolor (HMM)
)
(/usr/share/texlive/texmf-dist/tex/latex/lipsum/lipsum.sty
Package: lipsum 2014/07/27 v1.3 150 paragraphs of Lorem Ipsum dummy text
\c@lips@count=\count124
)
(/usr/share/texlive/texmf-dist/tex/latex/tocbibind/tocbibind.sty
Package: tocbibind 2010/10/13 v1.5k extra ToC listings
Package tocbibind Info: The document has section divisions on input line 50.


Package tocbibind Note: Using section or other style headings.

) (/usr/share/texlive/texmf-dist/tex/latex/biblatex/biblatex.sty
Package: biblatex 2017/12/19 v3.10 programmable bibliographies (PK/JW/AB)

(/usr/share/texlive/texmf-dist/tex/latex/etoolbox/etoolbox.sty
Package: etoolbox 2018/02/11 v2.5e e-TeX tools for LaTeX (JAW)
\etb@tempcnta=\count125
)
(/usr/share/texlive/texmf-dist/tex/latex/logreq/logreq.sty
Package: logreq 2010/08/04 v1.0 xml request logger
\lrq@indent=\count126

(/usr/share/texlive/texmf-dist/tex/latex/logreq/logreq.def
File: logreq.def 2010/08/04 v1.0 logreq spec v1.0
))
(/usr/share/texlive/texmf-dist/tex/latex/base/ifthen.sty
Package: ifthen 2014/09/29 v1.1c Standard LaTeX ifthen package (DPC)
)
(/usr/share/texlive/texmf-dist/tex/generic/xstring/xstring.sty
(/usr/share/texlive/texmf-dist/tex/generic/xstring/xstring.tex
\@xs@message=\write3
\integerpart=\count127
\decimalpart=\count128
)
Package: xstring 2013/10/13  v1.7c  String manipulations (C Tellechea)
)
\c@tabx@nest=\count129
\c@listtotal=\count130
\c@listcount=\count131
\c@liststart=\count132
\c@liststop=\count133
\c@citecount=\count134
\c@citetotal=\count135
\c@multicitecount=\count136
\c@multicitetotal=\count137
\c@instcount=\count138
\c@maxnames=\count139
\c@minnames=\count140
\c@maxitems=\count141
\c@minitems=\count142
\c@citecounter=\count143
\c@savedcitecounter=\count144
\c@uniquelist=\count145
\c@uniquename=\count146
\c@refsection=\count147
\c@refsegment=\count148
\c@maxextratitle=\count149
\c@maxextratitleyear=\count150
\c@maxextradate=\count151
\c@maxextraalpha=\count152
\c@abbrvpenalty=\count153
\c@highnamepenalty=\count154
\c@lownamepenalty=\count155
\c@maxparens=\count156
\c@parenlevel=\count157
\blx@tempcnta=\count158
\blx@tempcntb=\count159
\blx@tempcntc=\count160
\blx@maxsection=\count161
\blx@maxsegment@0=\count162
\blx@notetype=\count163
\blx@parenlevel@text=\count164
\blx@parenlevel@foot=\count165
\blx@sectionciteorder@0=\count166
\labelnumberwidth=\skip52
\labelalphawidth=\skip53
\biblabelsep=\skip54
\bibitemsep=\skip55
\bibnamesep=\skip56
\bibinitsep=\skip57
\bibparsep=\skip58
\bibhang=\skip59
\blx@bcfin=\read2
\blx@bcfout=\write4
\c@mincomprange=\count167
\c@maxcomprange=\count168
\c@mincompwidth=\count169
Package biblatex Info: Trying to load biblatex default data model...
Package biblatex Info: ... file 'blx-dm.def' found.

(/usr/share/texlive/texmf-dist/tex/latex/biblatex/blx-dm.def)
Package biblatex Info: Trying to load biblatex style data model...
Package biblatex Info: ... file 'numeric.dbx' not found.
Package biblatex Info: Trying to load biblatex custom data model...
Package biblatex Info: ... file 'biblatex-dm.cfg' not found.
\c@afterword=\count170
\c@savedafterword=\count171
\c@annotator=\count172
\c@savedannotator=\count173
\c@author=\count174
\c@savedauthor=\count175
\c@bookauthor=\count176
\c@savedbookauthor=\count177
\c@commentator=\count178
\c@savedcommentator=\count179
\c@editor=\count180
\c@savededitor=\count181
\c@editora=\count182
\c@savededitora=\count183
\c@editorb=\count184
\c@savededitorb=\count185
\c@editorc=\count186
\c@savededitorc=\count187
\c@foreword=\count188
\c@savedforeword=\count189
\c@holder=\count190
\c@savedholder=\count191
\c@introduction=\count192
\c@savedintroduction=\count193
\c@namea=\count194
\c@savednamea=\count195
\c@nameb=\count196
\c@savednameb=\count197
\c@namec=\count198
\c@savednamec=\count199
\c@translator=\count266
\c@savedtranslator=\count267
\c@shortauthor=\count268
\c@savedshortauthor=\count269
\c@shorteditor=\count270
\c@savedshorteditor=\count271
\c@labelname=\count272
\c@savedlabelname=\count273
\c@institution=\count274
\c@savedinstitution=\count275
\c@lista=\count276
\c@savedlista=\count277
\c@listb=\count278
\c@savedlistb=\count279
\c@listc=\count280
\c@savedlistc=\count281
\c@listd=\count282
\c@savedlistd=\count283
\c@liste=\count284
\c@savedliste=\count285
\c@listf=\count286
\c@savedlistf=\count287
\c@location=\count288
\c@savedlocation=\count289
\c@organization=\count290
\c@savedorganization=\count291
\c@origlocation=\count292
\c@savedoriglocation=\count293
\c@origpublisher=\count294
\c@savedorigpublisher=\count295
\c@publisher=\count296
\c@savedpublisher=\count297
\c@language=\count298
\c@savedlanguage=\count299
\c@origlanguage=\count300
\c@savedoriglanguage=\count301
\c@pageref=\count302
\c@savedpageref=\count303
\shorthandwidth=\skip60
\shortjournalwidth=\skip61
\shortserieswidth=\skip62
\shorttitlewidth=\skip63
\shortauthorwidth=\skip64
\shorteditorwidth=\skip65
Package biblatex Info: Trying to load compatibility code...
Package biblatex Info: ... file 'blx-compat.def' found.

(/usr/share/texlive/texmf-dist/tex/latex/biblatex/blx-compat.def
File: blx-compat.def 2017/12/19 v3.10 biblatex compatibility (PK/JW/AB)
)
Package biblatex Info: Trying to load generic definitions...
Package biblatex Info: ... file 'biblatex.def' found.

(/usr/share/texlive/texmf-dist/tex/latex/biblatex/biblatex.def
File: biblatex.def 2017/12/19 v3.10 biblatex compatibility (PK/JW/AB)
\c@textcitecount=\count304
\c@textcitetotal=\count305
\c@textcitemaxnames=\count306
\c@biburlnumpenalty=\count307
\c@biburlucpenalty=\count308
\c@biburllcpenalty=\count309
\c@smartand=\count310
)
Package biblatex Info: Trying to load natbib compatibility...
Package biblatex Info: ... file 'blx-natbib.def' found.

(/usr/share/texlive/texmf-dist/tex/latex/biblatex/blx-natbib.def
File: blx-natbib.def 2017/12/19 v3.10 biblatex compatibility (PK/JW/AB)
)
Package biblatex Info: Trying to load bibliography style 'numeric'...
Package biblatex Info: ... file 'numeric.bbx' found.

(/usr/share/texlive/texmf-dist/tex/latex/biblatex/bbx/numeric.bbx
File: numeric.bbx 2017/12/19 v3.10 biblatex bibliography style (PK/JW/AB)
Package biblatex Info: Trying to load bibliography style 'standard'...
Package biblatex Info: ... file 'standard.bbx' found.

(/usr/share/texlive/texmf-dist/tex/latex/biblatex/bbx/standard.bbx
File: standard.bbx 2017/12/19 v3.10 biblatex bibliography style (PK/JW/AB)
\c@bbx:relatedcount=\count311
\c@bbx:relatedtotal=\count312
))
Package biblatex Info: Trying to load citation style 'numeric'...
Package biblatex Info: ... file 'numeric.cbx' found.

(/usr/share/texlive/texmf-dist/tex/latex/biblatex/cbx/numeric.cbx
File: numeric.cbx 2017/12/19 v3.10 biblatex citation style (PK/JW/AB)
Package biblatex Info: Redefining '\cite'.
Package biblatex Info: Redefining '\parencite'.
Package biblatex Info: Redefining '\footcite'.
Package biblatex Info: Redefining '\footcitetext'.
Package biblatex Info: Redefining '\smartcite'.
Package biblatex Info: Redefining '\supercite'.
Package biblatex Info: Redefining '\textcite'.
Package biblatex Info: Redefining '\textcites'.
Package biblatex Info: Redefining '\cites'.
Package biblatex Info: Redefining '\parencites'.
Package biblatex Info: Redefining '\smartcites'.
)
Package biblatex Info: Trying to load configuration file...
Package biblatex Info: ... file 'biblatex.cfg' found.

(/usr/share/texlive/texmf-dist/tex/latex/biblatex/biblatex.cfg
File: biblatex.cfg 
))
(/usr/share/texlive/texmf-dist/tex/latex/svg/svg.sty
Package: svg 2017/11/29 v2.01 (include SVG pictures)

(/usr/share/texlive/texmf-dist/tex/latex/koma-script/scrbase.sty
Package: scrbase 2017/09/07 v3.24 KOMA-Script package (KOMA-Script-independent 
basics and keyval usage)

(/usr/share/texlive/texmf-dist/tex/latex/koma-script/scrlfile.sty
Package: scrlfile 2017/09/07 v3.24 KOMA-Script package (loading files)
))
(/usr/share/texlive/texmf-dist/tex/latex/tools/shellesc.sty
Package: shellesc 2016/06/07 v0.02a unified shell escape interface for LaTeX
Package shellesc Info: Unrestricted shell escape enabled on input line 67.
)
\c@svg@param@lastpage=\count313
\c@svg@param@currpage=\count314

(/usr/share/texlive/texmf-dist/tex/latex/ifplatform/ifplatform.sty
Package: ifplatform 2017/10/13 v0.4a Testing for the operating system

(/usr/share/texlive/texmf-dist/tex/generic/oberdiek/catchfile.sty
Package: catchfile 2016/05/16 v1.7 Catch the contents of a file (HO)
)
runsystem(uname -s > "main.w18")...executed.

 (./main.w18)
runsystem(rm -- "main.w18")...executed.

)) (/usr/share/texlive/texmf-dist/tex/latex/oberdiek/transparent.sty
Package: transparent 2016/05/16 v1.1 Transparency via pdfTeX's color stack (HO)

)
(/usr/share/texlive/texmf-dist/tex/latex/listings/lstlang1.sty
File: lstlang1.sty 2015/06/04 1.6 listings language file
)
(/usr/share/texlive/texmf-dist/tex/latex/listings/lstlang1.sty
File: lstlang1.sty 2015/06/04 1.6 listings language file
)
(/usr/share/texlive/texmf-dist/tex/latex/listings/lstmisc.sty
File: lstmisc.sty 2015/06/04 1.6 (Carsten Heinz)
)
Package biblatex Info: Trying to load language 'russian'...
Package biblatex Info: ... file 'russian.lbx' found.

(/usr/share/texlive/texmf-dist/tex/latex/biblatex/lbx/russian.lbx
File: russian.lbx 2017/12/19 v3.10 biblatex localization (PK/JW/AB)
)
Package biblatex Info: Trying to load language 'english'...
Package biblatex Info: ... file 'english.lbx' found.

(/usr/share/texlive/texmf-dist/tex/latex/biblatex/lbx/english.lbx
File: english.lbx 2017/12/19 v3.10 biblatex localization (PK/JW/AB)
)

Package biblatex Warning: 'babel/polyglossia' detected but 'csquotes' missing.
(biblatex)                Loading 'csquotes' recommended.

\@quotelevel=\count315
\@quotereset=\count316
(./main.aux)
\openout1 = `main.aux'.

LaTeX Font Info:    Checking defaults for OML/cmm/m/it on input line 66.
LaTeX Font Info:    ... okay on input line 66.
LaTeX Font Info:    Checking defaults for T1/cmr/m/n on input line 66.
LaTeX Font Info:    ... okay on input line 66.
LaTeX Font Info:    Checking defaults for OT1/cmr/m/n on input line 66.
LaTeX Font Info:    ... okay on input line 66.
LaTeX Font Info:    Checking defaults for OMS/cmsy/m/n on input line 66.
LaTeX Font Info:    ... okay on input line 66.
LaTeX Font Info:    Checking defaults for OMX/cmex/m/n on input line 66.
LaTeX Font Info:    ... okay on input line 66.
LaTeX Font Info:    Checking defaults for U/cmr/m/n on input line 66.
LaTeX Font Info:    ... okay on input line 66.
LaTeX Font Info:    Checking defaults for T2A/cmr/m/n on input line 66.
LaTeX Font Info:    ... okay on input line 66.
LaTeX Font Info:    Checking defaults for PD1/pdf/m/n on input line 66.
LaTeX Font Info:    ... okay on input line 66.
LaTeX Font Info:    Checking defaults for PU/pdf/m/n on input line 66.
LaTeX Font Info:    ... okay on input line 66.
 (/usr/share/texlive/texmf-dist/tex/context/base/mkii/supp-pdf.mkii
[Loading MPS to PDF converter (version 2006.09.02).]
\scratchcounter=\count317
\scratchdimen=\dimen132
\scratchbox=\box32
\nofMPsegments=\count318
\nofMParguments=\count319
\everyMPshowfont=\toks34
\MPscratchCnt=\count320
\MPscratchDim=\dimen133
\MPnumerator=\count321
\makeMPintoPDFobject=\count322
\everyMPtoPDFconversion=\toks35
) (/usr/share/texlive/texmf-dist/tex/latex/oberdiek/epstopdf-base.sty
Package: epstopdf-base 2016/05/15 v2.6 Base part for package epstopdf

(/usr/share/texlive/texmf-dist/tex/latex/oberdiek/grfext.sty
Package: grfext 2016/05/16 v1.2 Manage graphics extensions (HO)
)
Package epstopdf-base Info: Redefining graphics rule for `.eps' on input line 4
38.
Package grfext Info: Graphics extension search list:
(grfext)             [.pdf,.png,.jpg,.mps,.jpeg,.jbig2,.jb2,.PDF,.PNG,.JPG,.JPE
G,.JBIG2,.JB2,.eps]
(grfext)             \AppendGraphicsExtensions on input line 456.

(/usr/share/texlive/texmf-dist/tex/latex/latexconfig/epstopdf-sys.cfg
File: epstopdf-sys.cfg 2010/07/13 v1.3 Configuration of (r)epstopdf for TeX Liv
e
))
*geometry* driver: auto-detecting
*geometry* detected driver: pdftex
*geometry* verbose mode - [ preamble ] result:
* driver: pdftex
* paper: a4paper
* layout: <same size as paper>
* layoutoffset:(h,v)=(0.0pt,0.0pt)
* modes: 
* h-part:(L,W,R)=(42.67912pt, 512.14963pt, 42.67912pt)
* v-part:(T,H,B)=(56.9055pt, 731.23584pt, 56.9055pt)
* \paperwidth=597.50787pt
* \paperheight=845.04684pt
* \textwidth=512.14963pt
* \textheight=731.23584pt
* \oddsidemargin=-29.59087pt
* \evensidemargin=-29.59087pt
* \topmargin=-52.36449pt
* \headheight=12.0pt
* \headsep=25.0pt
* \topskip=10.0pt
* \footskip=30.0pt
* \marginparwidth=57.0pt
* \marginparsep=11.0pt
* \columnsep=10.0pt
* \skip\footins=9.0pt plus 4.0pt minus 2.0pt
* \hoffset=0.0pt
* \voffset=0.0pt
* \mag=1000
* \@twocolumnfalse
* \@twosidefalse
* \@mparswitchfalse
* \@reversemarginfalse
* (1in=72.27pt=25.4mm, 1cm=28.453pt)

\AtBeginShipoutBox=\box33
Package hyperref Info: Link coloring OFF on input line 66.
(/usr/share/texlive/texmf-dist/tex/latex/hyperref/nameref.sty
Package: nameref 2016/05/21 v2.44 Cross-referencing by name of section

(/usr/share/texlive/texmf-dist/tex/generic/oberdiek/gettitlestring.sty
Package: gettitlestring 2016/05/16 v1.5 Cleanup title references (HO)
)
\c@section@level=\count323
)
LaTeX Info: Redefining \ref on input line 66.
LaTeX Info: Redefining \pageref on input line 66.
LaTeX Info: Redefining \nameref on input line 66.

(./main.out) (./main.out)
\@outlinefile=\write5
\openout5 = `main.out'.

\c@lstlisting=\count324
Package biblatex Info: Input encoding 'utf8' detected.
Package biblatex Info: Automatic encoding selection.
(biblatex)             Assuming data encoding 'utf8'.
\openout4 = `main.bcf'.

Package biblatex Info: Trying to load bibliographic data...
Package biblatex Info: ... file 'main.bbl' found.
 (./main.bbl)
Package biblatex Info: Reference section=0 on input line 66.
Package biblatex Info: Reference segment=0 on input line 66.
 (./main.toc
LaTeX Font Info:    Try loading font information for U+msa on input line 6.

(/usr/share/texlive/texmf-dist/tex/latex/amsfonts/umsa.fd
File: umsa.fd 2013/01/14 v3.01 AMS symbols A
)
LaTeX Font Info:    Try loading font information for U+msb on input line 6.

(/usr/share/texlive/texmf-dist/tex/latex/amsfonts/umsb.fd
File: umsb.fd 2013/01/14 v3.01 AMS symbols B
))
\tf@toc=\write6
\openout6 = `main.toc'.

Package babel Info: Redefining russian shorthand "|
(babel)             in language  on input line 69.
Package babel Info: Redefining russian shorthand "~
(babel)             in language  on input line 69.
Package babel Info: Redefining russian shorthand "|
(babel)             in language  on input line 69.
Package babel Info: Redefining russian shorthand "~
(babel)             in language  on input line 69.
 [1

{/var/lib/texmf/fonts/map/pdftex/updmap/pdftex.map}]
Package babel Info: Redefining russian shorthand "|
(babel)             in language  on input line 70.
Package babel Info: Redefining russian shorthand "~
(babel)             in language  on input line 70.
Package babel Info: Redefining russian shorthand "|
(babel)             in language  on input line 71.
Package babel Info: Redefining russian shorthand "~
(babel)             in language  on input line 71.
 (./Problem/GeneralEquations.tex)
Package babel Info: Redefining russian shorthand "|
(babel)             in language  on input line 73.
Package babel Info: Redefining russian shorthand "~
(babel)             in language  on input line 73.

(./Problem/Methods.tex
LaTeX Font Info:    Try loading font information for OMS+cmr on input line 6.
 (/usr/share/texlive/texmf-dist/tex/latex/base/omscmr.fd
File: omscmr.fd 2014/09/29 v2.5h Standard LaTeX font definitions
)
LaTeX Font Info:    Font shape `OMS/cmr/m/n' in size <10> not available
(Font)              Font shape `OMS/cmsy/m/n' tried instead on input line 6.
Package babel Info: Redefining russian shorthand "|
(babel)             in language  on input line 17.
Package babel Info: Redefining russian shorthand "~
(babel)             in language  on input line 17.
Package babel Info: Redefining russian shorthand "|
(babel)             in language  on input line 17.
Package babel Info: Redefining russian shorthand "~
(babel)             in language  on input line 17.
[2]
Overfull \hbox (1.34886pt too wide) in paragraph at lines 47--49
[]\T2A/cmr/m/n/10   --- -- --- ---
-- - --. -- --- -
 []

)
Package babel Info: Redefining russian shorthand "|
(babel)             in language  on input line 75.
Package babel Info: Redefining russian shorthand "~
(babel)             in language  on input line 75.
 (./Problem/InitialsAndBoundaries.tex
Package babel Info: Redefining russian shorthand "|
(babel)             in language  on input line 12.
Package babel Info: Redefining russian shorthand "~
(babel)             in language  on input line 12.
Package babel Info: Redefining russian shorthand "|
(babel)             in language  on input line 12.
Package babel Info: Redefining russian shorthand "~
(babel)             in language  on input line 12.
 [3]

LaTeX Warning: Command \cyrm invalid in math mode on input line 19.


LaTeX Warning: Command \cyrs invalid in math mode on input line 19.

Missing character: There is no  in font cmr7!
Missing character: There is no  in font cmr7!
)
Package babel Info: Redefining russian shorthand "|
(babel)             in language  on input line 77.
Package babel Info: Redefining russian shorthand "~
(babel)             in language  on input line 77.
 (./Problem/LaxTheorem.tex
Package babel Info: Redefining russian shorthand "|
(babel)             in language  on input line 5.
Package babel Info: Redefining russian shorthand "~
(babel)             in language  on input line 5.
Package babel Info: Redefining russian shorthand "|
(babel)             in language  on input line 5.
Package babel Info: Redefining russian shorthand "~
(babel)             in language  on input line 5.
 [4])
Package babel Info: Redefining russian shorthand "|
(babel)             in language  on input line 79.
Package babel Info: Redefining russian shorthand "~
(babel)             in language  on input line 79.
 (./Problem/VonNeumannStability.tex
Package babel Info: Redefining russian shorthand "|
(babel)             in language  on input line 69.
Package babel Info: Redefining russian shorthand "~
(babel)             in language  on input line 69.
Package babel Info: Redefining russian shorthand "|
(babel)             in language  on input line 69.
Package babel Info: Redefining russian shorthand "~
(babel)             in language  on input line 69.
 [5])
Package babel Info: Redefining russian shorthand "|
(babel)             in language  on input line 83.
Package babel Info: Redefining russian shorthand "~
(babel)             in language  on input line 83.
Package babel Info: Redefining russian shorthand "|
(babel)             in language  on input line 83.
Package babel Info: Redefining russian shorthand "~
(babel)             in language  on input line 83.

[6]
Package babel Info: Redefining russian shorthand "|
(babel)             in language  on input line 83.
Package babel Info: Redefining russian shorthand "~
(babel)             in language  on input line 83.
Package babel Info: Redefining russian shorthand "|
(babel)             in language  on input line 84.
Package babel Info: Redefining russian shorthand "~
(babel)             in language  on input line 84.
 (./FirstOrder/Schemes.tex)
Package babel Info: Redefining russian shorthand "|
(babel)             in language  on input line 86.
Package babel Info: Redefining russian shorthand "~
(babel)             in language  on input line 86.
 (./FirstOrder/LaxFriedrichs.tex
Package svg Info: Last page of `./svg-inkscape/LaxFriedrichs_svg-tex.pdf' is 1 
on input line 3.

(./svg-inkscape/LaxFriedrichs_svg-tex.pdf_tex
<./svg-inkscape/LaxFriedrichs_svg-tex.pdf, id=325, page=1, 117.01077pt x 114.58
618pt>
File: ./svg-inkscape/LaxFriedrichs_svg-tex.pdf Graphic file (type pdf)
<use ./svg-inkscape/LaxFriedrichs_svg-tex.pdf, page 1>
Package pdftex.def Info: ./svg-inkscape/LaxFriedrichs_svg-tex.pdf , page1 used 
on input line 56.
(pdftex.def)             Requested size: 170.63812pt x 167.11607pt.
))
Package babel Info: Redefining russian shorthand "|
(babel)             in language  on input line 88.
Package babel Info: Redefining russian shorthand "~
(babel)             in language  on input line 88.

(./FirstOrder/LinearStabilityVonNeumann.tex
Package babel Info: Redefining russian shorthand "|
(babel)             in language  on input line 4.
Package babel Info: Redefining russian shorthand "~
(babel)             in language  on input line 4.
Package babel Info: Redefining russian shorthand "|
(babel)             in language  on input line 4.
Package babel Info: Redefining russian shorthand "~
(babel)             in language  on input line 4.
 [7 <./svg-inkscape/LaxFriedrichs_svg-tex.pdf>])
Package babel Info: Redefining russian shorthand "|
(babel)             in language  on input line 90.
Package babel Info: Redefining russian shorthand "~
(babel)             in language  on input line 90.
 (./FirstOrder/NonLinearStability.tex
Package babel Info: Redefining russian shorthand "|
(babel)             in language  on input line 15.
Package babel Info: Redefining russian shorthand "~
(babel)             in language  on input line 15.
Package babel Info: Redefining russian shorthand "|
(babel)             in language  on input line 15.
Package babel Info: Redefining russian shorthand "~
(babel)             in language  on input line 15.
 [8]
Package babel Info: Redefining russian shorthand "|
(babel)             in language  on input line 259.
Package babel Info: Redefining russian shorthand "~
(babel)             in language  on input line 259.
Package babel Info: Redefining russian shorthand "|
(babel)             in language  on input line 259.
Package babel Info: Redefining russian shorthand "~
(babel)             in language  on input line 259.
 [9])
Package babel Info: Redefining russian shorthand "|
(babel)             in language  on input line 92.
Package babel Info: Redefining russian shorthand "~
(babel)             in language  on input line 92.

(./Code/LaxFriedrichs.tex
Package hyperref Info: bookmark level for unknown lstlisting defaults to 0 on i
nput line 1.
LaTeX Font Info:    Try loading font information for T2A+cmtt on input line 1.

(/usr/share/texlive/texmf-dist/tex/latex/cyrillic/t2acmtt.fd
File: t2acmtt.fd 2001/08/11 v1.0a Computer Modern Cyrillic font definitions
))
Package babel Info: Redefining russian shorthand "|
(babel)             in language  on input line 94.
Package babel Info: Redefining russian shorthand "~
(babel)             in language  on input line 94.
Package babel Info: Redefining russian shorthand "|
(babel)             in language  on input line 97.
Package babel Info: Redefining russian shorthand "~
(babel)             in language  on input line 97.
Package babel Info: Redefining russian shorthand "|
(babel)             in language  on input line 97.
Package babel Info: Redefining russian shorthand "~
(babel)             in language  on input line 97.
 [10]
Package babel Info: Redefining russian shorthand "|
(babel)             in language  on input line 97.
Package babel Info: Redefining russian shorthand "~
(babel)             in language  on input line 97.
Package babel Info: Redefining russian shorthand "|
(babel)             in language  on input line 98.
Package babel Info: Redefining russian shorthand "~
(babel)             in language  on input line 98.

(./SecondOrder/Schemes.tex)
Package babel Info: Redefining russian shorthand "|
(babel)             in language  on input line 100.
Package babel Info: Redefining russian shorthand "~
(babel)             in language  on input line 100.
 (./SecondOrder/RichtmyerScheme.tex
Package svg Info: Last page of `./svg-inkscape/Richtmyer_svg-tex.pdf' is 1 on i
nput line 3.

(./svg-inkscape/Richtmyer_svg-tex.pdf_tex
<./svg-inkscape/Richtmyer_svg-tex.pdf, id=374, page=1, 115.843pt x 113.24184pt>

File: ./svg-inkscape/Richtmyer_svg-tex.pdf Graphic file (type pdf)
<use ./svg-inkscape/Richtmyer_svg-tex.pdf, page 1>
Package pdftex.def Info: ./svg-inkscape/Richtmyer_svg-tex.pdf , page1 used on i
nput line 56.
(pdftex.def)             Requested size: 170.63812pt x 166.82634pt.
)
Package babel Info: Redefining russian shorthand "|
(babel)             in language  on input line 42.
Package babel Info: Redefining russian shorthand "~
(babel)             in language  on input line 42.
Package babel Info: Redefining russian shorthand "|
(babel)             in language  on input line 42.
Package babel Info: Redefining russian shorthand "~
(babel)             in language  on input line 42.
 [11 <./svg-inkscape/Richtmyer_svg-tex.pdf>])
Package babel Info: Redefining russian shorthand "|
(babel)             in language  on input line 102.
Package babel Info: Redefining russian shorthand "~
(babel)             in language  on input line 102.
 (./SecondOrder/RichtmyerStability.tex)
Package babel Info: Redefining russian shorthand "|
(babel)             in language  on input line 104.
Package babel Info: Redefining russian shorthand "~
(babel)             in language  on input line 104.
 (./Code/Richtmyer.tex
Package babel Info: Redefining russian shorthand "|
(babel)             in language  on input line 5.
Package babel Info: Redefining russian shorthand "~
(babel)             in language  on input line 5.
Package babel Info: Redefining russian shorthand "|
(babel)             in language  on input line 5.
Package babel Info: Redefining russian shorthand "~
(babel)             in language  on input line 5.
 [12])
Package babel Info: Redefining russian shorthand "|
(babel)             in language  on input line 106.
Package babel Info: Redefining russian shorthand "~
(babel)             in language  on input line 106.

(./SecondOrder/ZwasScheme.tex
Package svg Info: Last page of `./svg-inkscape/Zwas_svg-tex.pdf' is 1 on input 
line 3.
 (./svg-inkscape/Zwas_svg-tex.pdf_tex
<./svg-inkscape/Zwas_svg-tex.pdf, id=395, page=1, 115.72743pt x 112.37741pt>
File: ./svg-inkscape/Zwas_svg-tex.pdf Graphic file (type pdf)
<use ./svg-inkscape/Zwas_svg-tex.pdf, page 1>
Package pdftex.def Info: ./svg-inkscape/Zwas_svg-tex.pdf , page1 used on input 
line 56.
(pdftex.def)             Requested size: 170.63812pt x 165.70892pt.
)
Package babel Info: Redefining russian shorthand "|
(babel)             in language  on input line 42.
Package babel Info: Redefining russian shorthand "~
(babel)             in language  on input line 42.
Package babel Info: Redefining russian shorthand "|
(babel)             in language  on input line 42.
Package babel Info: Redefining russian shorthand "~
(babel)             in language  on input line 42.
 [13 <./svg-inkscape/Zwas_svg-tex.pdf>]

LaTeX Warning: Command \CYRN invalid in math mode on input line 60.

Missing character: There is no  in font cmr10!
)
Package babel Info: Redefining russian shorthand "|
(babel)             in language  on input line 108.
Package babel Info: Redefining russian shorthand "~
(babel)             in language  on input line 108.
 (./SecondOrder/RichtmyerZwasStability.tex
Package babel Info: Redefining russian shorthand "|
(babel)             in language  on input line 68.
Package babel Info: Redefining russian shorthand "~
(babel)             in language  on input line 68.
Package babel Info: Redefining russian shorthand "|
(babel)             in language  on input line 68.
Package babel Info: Redefining russian shorthand "~
(babel)             in language  on input line 68.
 [14])
Package babel Info: Redefining russian shorthand "|
(babel)             in language  on input line 110.
Package babel Info: Redefining russian shorthand "~
(babel)             in language  on input line 110.
 (./Code/RichtmyerZwas.tex)
Package babel Info: Redefining russian shorthand "|
(babel)             in language  on input line 112.
Package babel Info: Redefining russian shorthand "~
(babel)             in language  on input line 112.
Package babel Info: Redefining russian shorthand "|
(babel)             in language  on input line 114.
Package babel Info: Redefining russian shorthand "~
(babel)             in language  on input line 114.

(./SecondOrder/ArtificialViscosity.tex
Package babel Info: Redefining russian shorthand "|
(babel)             in language  on input line 20.
Package babel Info: Redefining russian shorthand "~
(babel)             in language  on input line 20.
Package babel Info: Redefining russian shorthand "|
(babel)             in language  on input line 20.
Package babel Info: Redefining russian shorthand "~
(babel)             in language  on input line 20.
 [15]
Package svg Info: Last page of `./svg-inkscape/Viscosity_svg-tex.pdf' is 1 on i
nput line 52.

(./svg-inkscape/Viscosity_svg-tex.pdf_tex
<./svg-inkscape/Viscosity_svg-tex.pdf, id=482, page=1, 105.41428pt x 138.61969p
t>
File: ./svg-inkscape/Viscosity_svg-tex.pdf Graphic file (type pdf)
<use ./svg-inkscape/Viscosity_svg-tex.pdf, page 1>
Package pdftex.def Info: ./svg-inkscape/Viscosity_svg-tex.pdf , page1 used on i
nput line 56.
(pdftex.def)             Requested size: 120.45044pt x 158.40245pt.
))
Package babel Info: Redefining russian shorthand "|
(babel)             in language  on input line 116.
Package babel Info: Redefining russian shorthand "~
(babel)             in language  on input line 116.
Package babel Info: Redefining russian shorthand "|
(babel)             in language  on input line 120.
Package babel Info: Redefining russian shorthand "~
(babel)             in language  on input line 120.
Package babel Info: Redefining russian shorthand "|
(babel)             in language  on input line 120.
Package babel Info: Redefining russian shorthand "~
(babel)             in language  on input line 120.
 [16 <./svg-inkscape/Viscosity_svg-tex.pdf>]
Package babel Info: Redefining russian shorthand "|
(babel)             in language  on input line 120.
Package babel Info: Redefining russian shorthand "~
(babel)             in language  on input line 120.
Package babel Info: Redefining russian shorthand "|
(babel)             in language  on input line 121.
Package babel Info: Redefining russian shorthand "~
(babel)             in language  on input line 121.
 (./NonOscillatory/TVD.tex
Package babel Info: Redefining russian shorthand "|
(babel)             in language  on input line 117.
Package babel Info: Redefining russian shorthand "~
(babel)             in language  on input line 117.
Package babel Info: Redefining russian shorthand "|
(babel)             in language  on input line 117.
Package babel Info: Redefining russian shorthand "~
(babel)             in language  on input line 117.
 [17])
Package babel Info: Redefining russian shorthand "|
(babel)             in language  on input line 123.
Package babel Info: Redefining russian shorthand "~
(babel)             in language  on input line 123.
 (./NonOscillatory/ENO.tex
Package babel Info: Redefining russian shorthand "|
(babel)             in language  on input line 44.
Package babel Info: Redefining russian shorthand "~
(babel)             in language  on input line 44.
Package babel Info: Redefining russian shorthand "|
(babel)             in language  on input line 44.
Package babel Info: Redefining russian shorthand "~
(babel)             in language  on input line 44.
 [18]
Package svg Info: Last page of `./svg-inkscape/ENO_svg-tex.pdf' is 1 on input l
ine 70.

(./svg-inkscape/ENO_svg-tex.pdf_tex
<./svg-inkscape/ENO_svg-tex.pdf, id=510, page=1, 274.5077pt x 120.35507pt>
File: ./svg-inkscape/ENO_svg-tex.pdf Graphic file (type pdf)
<use ./svg-inkscape/ENO_svg-tex.pdf, page 1>
Package pdftex.def Info: ./svg-inkscape/ENO_svg-tex.pdf , page1 used on input l
ine 56.
(pdftex.def)             Requested size: 250.93842pt x 110.0228pt.
)
Package babel Info: Redefining russian shorthand "|
(babel)             in language  on input line 133.
Package babel Info: Redefining russian shorthand "~
(babel)             in language  on input line 133.
Package babel Info: Redefining russian shorthand "|
(babel)             in language  on input line 133.
Package babel Info: Redefining russian shorthand "~
(babel)             in language  on input line 133.
 [19 <./svg-inkscape/ENO_svg-tex.pdf>])
Package babel Info: Redefining russian shorthand "|
(babel)             in language  on input line 125.
Package babel Info: Redefining russian shorthand "~
(babel)             in language  on input line 125.

(./NonOscillatory/WENO.tex
Package svg Info: Last page of `./svg-inkscape/WENO_svg-tex.pdf' is 1 on input 
line 3.
 (./svg-inkscape/WENO_svg-tex.pdf_tex
<./svg-inkscape/WENO_svg-tex.pdf, id=521, page=1, 245.56021pt x 120.35507pt>
File: ./svg-inkscape/WENO_svg-tex.pdf Graphic file (type pdf)
<use ./svg-inkscape/WENO_svg-tex.pdf, page 1>
Package pdftex.def Info: ./svg-inkscape/WENO_svg-tex.pdf , page1 used on input 
line 56.
(pdftex.def)             Requested size: 220.8258pt x 108.2359pt.
))
Package babel Info: Redefining russian shorthand "|
(babel)             in language  on input line 129.
Package babel Info: Redefining russian shorthand "~
(babel)             in language  on input line 129.
Package babel Info: Redefining russian shorthand "|
(babel)             in language  on input line 132.
Package babel Info: Redefining russian shorthand "~
(babel)             in language  on input line 132.
Package babel Info: Redefining russian shorthand "|
(babel)             in language  on input line 132.
Package babel Info: Redefining russian shorthand "~
(babel)             in language  on input line 132.
 [20 <./svg-inkscape/WENO_svg-tex.pdf>]
Package babel Info: Redefining russian shorthand "|
(babel)             in language  on input line 132.
Package babel Info: Redefining russian shorthand "~
(babel)             in language  on input line 132.
Package babel Info: Redefining russian shorthand "|
(babel)             in language  on input line 133.
Package babel Info: Redefining russian shorthand "~
(babel)             in language  on input line 133.
Package babel Info: Redefining russian shorthand "|
(babel)             in language  on input line 134.
Package babel Info: Redefining russian shorthand "~
(babel)             in language  on input line 134.
Package babel Info: Redefining russian shorthand "|
(babel)             in language  on input line 135.
Package babel Info: Redefining russian shorthand "~
(babel)             in language  on input line 135.
Package babel Info: Redefining russian shorthand "|
(babel)             in language  on input line 136.
Package babel Info: Redefining russian shorthand "~
(babel)             in language  on input line 136.
Package babel Info: Redefining russian shorthand "|
(babel)             in language  on input line 137.
Package babel Info: Redefining russian shorthand "~
(babel)             in language  on input line 137.
Package babel Info: Redefining russian shorthand "|
(babel)             in language  on input line 138.
Package babel Info: Redefining russian shorthand "~
(babel)             in language  on input line 138.
Package babel Info: Redefining russian shorthand "|
(babel)             in language  on input line 139.
Package babel Info: Redefining russian shorthand "~
(babel)             in language  on input line 139.
Package babel Info: Redefining russian shorthand "|
(babel)             in language  on input line 142.
Package babel Info: Redefining russian shorthand "~
(babel)             in language  on input line 142.
Package babel Info: Redefining russian shorthand "|
(babel)             in language  on input line 142.
Package babel Info: Redefining russian shorthand "~
(babel)             in language  on input line 142.
 [21]
Package babel Info: Redefining russian shorthand "|
(babel)             in language  on input line 142.
Package babel Info: Redefining russian shorthand "~
(babel)             in language  on input line 142.
Package babel Info: Redefining russian shorthand "|
(babel)             in language  on input line 143.
Package babel Info: Redefining russian shorthand "~
(babel)             in language  on input line 143.
Package babel Info: Redefining russian shorthand "|
(babel)             in language  on input line 144.
Package babel Info: Redefining russian shorthand "~
(babel)             in language  on input line 144.
Package babel Info: Redefining russian shorthand "|
(babel)             in language  on input line 145.
Package babel Info: Redefining russian shorthand "~
(babel)             in language  on input line 145.
Package babel Info: Redefining russian shorthand "|
(babel)             in language  on input line 146.
Package babel Info: Redefining russian shorthand "~
(babel)             in language  on input line 146.
Package babel Info: Redefining russian shorthand "|
(babel)             in language  on input line 147.
Package babel Info: Redefining russian shorthand "~
(babel)             in language  on input line 147.
Package babel Info: Redefining russian shorthand "|
(babel)             in language  on input line 148.
Package babel Info: Redefining russian shorthand "~
(babel)             in language  on input line 148.
Package babel Info: Redefining russian shorthand "|
(babel)             in language  on input line 149.
Package babel Info: Redefining russian shorthand "~
(babel)             in language  on input line 149.
Package babel Info: Redefining russian shorthand "|
(babel)             in language  on input line 152.
Package babel Info: Redefining russian shorthand "~
(babel)             in language  on input line 152.
Package babel Info: Redefining russian shorthand "|
(babel)             in language  on input line 152.
Package babel Info: Redefining russian shorthand "~
(babel)             in language  on input line 152.
 [22]
Package babel Info: Redefining russian shorthand "|
(babel)             in language  on input line 153.
Package babel Info: Redefining russian shorthand "~
(babel)             in language  on input line 153.

Overfull \hbox (17.59566pt too wide) in paragraph at lines 153--153
[]\T2A/cmr/m/n/10 D.A. Klimachkov  A.S. Petrosyan. ``Parametric instabilities 
in shallow water magnetohydrodynamics of astrophysical
 []


Overfull \hbox (12.8129pt too wide) in paragraph at lines 153--153
[]\T2A/cmr/m/n/10 Jan Hesthaven  Tim Warburton. ``Nodal Discontinuous Galerkin
 Methods: Algorithms, Analysis, and Applications''.
 []

Package babel Info: Redefining russian shorthand "|
(babel)             in language  on input line 156.
Package babel Info: Redefining russian shorthand "~
(babel)             in language  on input line 156.
Package babel Info: Redefining russian shorthand "|
(babel)             in language  on input line 156.
Package babel Info: Redefining russian shorthand "~
(babel)             in language  on input line 156.
[23]
Package babel Info: Redefining russian shorthand "|
(babel)             in language  on input line 158.
Package babel Info: Redefining russian shorthand "~
(babel)             in language  on input line 158.
 (./Appendices/LaxFriedrichs.tex
Package babel Info: Redefining russian shorthand "|
(babel)             in language  on input line 61.
Package babel Info: Redefining russian shorthand "~
(babel)             in language  on input line 61.
Package babel Info: Redefining russian shorthand "|
(babel)             in language  on input line 61.
Package babel Info: Redefining russian shorthand "~
(babel)             in language  on input line 61.
 [24]
Package babel Info: Redefining russian shorthand "|
(babel)             in language  on input line 122.
Package babel Info: Redefining russian shorthand "~
(babel)             in language  on input line 122.
Package babel Info: Redefining russian shorthand "|
(babel)             in language  on input line 122.
Package babel Info: Redefining russian shorthand "~
(babel)             in language  on input line 122.
 [25]
Package babel Info: Redefining russian shorthand "|
(babel)             in language  on input line 183.
Package babel Info: Redefining russian shorthand "~
(babel)             in language  on input line 183.
Package babel Info: Redefining russian shorthand "|
(babel)             in language  on input line 183.
Package babel Info: Redefining russian shorthand "~
(babel)             in language  on input line 183.
 [26])
Package babel Info: Redefining russian shorthand "|
(babel)             in language  on input line 162.
Package babel Info: Redefining russian shorthand "~
(babel)             in language  on input line 162.
Package babel Info: Redefining russian shorthand "|
(babel)             in language  on input line 162.
Package babel Info: Redefining russian shorthand "~
(babel)             in language  on input line 162.
 [27]
Package babel Info: Redefining russian shorthand "|
(babel)             in language  on input line 162.
Package babel Info: Redefining russian shorthand "~
(babel)             in language  on input line 162.

(./Appendices/RichtmyerZwas.tex
Package babel Info: Redefining russian shorthand "|
(babel)             in language  on input line 62.
Package babel Info: Redefining russian shorthand "~
(babel)             in language  on input line 62.
Package babel Info: Redefining russian shorthand "|
(babel)             in language  on input line 62.
Package babel Info: Redefining russian shorthand "~
(babel)             in language  on input line 62.
 [28]
Package babel Info: Redefining russian shorthand "|
(babel)             in language  on input line 122.
Package babel Info: Redefining russian shorthand "~
(babel)             in language  on input line 122.
Package babel Info: Redefining russian shorthand "|
(babel)             in language  on input line 122.
Package babel Info: Redefining russian shorthand "~
(babel)             in language  on input line 122.
 [29]
Package babel Info: Redefining russian shorthand "|
(babel)             in language  on input line 183.
Package babel Info: Redefining russian shorthand "~
(babel)             in language  on input line 183.
Package babel Info: Redefining russian shorthand "|
(babel)             in language  on input line 183.
Package babel Info: Redefining russian shorthand "~
(babel)             in language  on input line 183.
 [30]
Package babel Info: Redefining russian shorthand "|
(babel)             in language  on input line 243.
Package babel Info: Redefining russian shorthand "~
(babel)             in language  on input line 243.
Package babel Info: Redefining russian shorthand "|
(babel)             in language  on input line 243.
Package babel Info: Redefining russian shorthand "~
(babel)             in language  on input line 243.
 [31]
Package babel Info: Redefining russian shorthand "|
(babel)             in language  on input line 299.
Package babel Info: Redefining russian shorthand "~
(babel)             in language  on input line 299.
Package babel Info: Redefining russian shorthand "|
(babel)             in language  on input line 299.
Package babel Info: Redefining russian shorthand "~
(babel)             in language  on input line 299.
 [32])
Package babel Info: Redefining russian shorthand "|
(babel)             in language  on input line 166.
Package babel Info: Redefining russian shorthand "~
(babel)             in language  on input line 166.
Package babel Info: Redefining russian shorthand "|
(babel)             in language  on input line 166.
Package babel Info: Redefining russian shorthand "~
(babel)             in language  on input line 166.
 [33]
Package babel Info: Redefining russian shorthand "|
(babel)             in language  on input line 166.
Package babel Info: Redefining russian shorthand "~
(babel)             in language  on input line 166.

(./Appendices/RK2WENO.tex
Package babel Info: Redefining russian shorthand "|
(babel)             in language  on input line 62.
Package babel Info: Redefining russian shorthand "~
(babel)             in language  on input line 62.
Package babel Info: Redefining russian shorthand "|
(babel)             in language  on input line 62.
Package babel Info: Redefining russian shorthand "~
(babel)             in language  on input line 62.
 [34]
Package babel Info: Redefining russian shorthand "|
(babel)             in language  on input line 121.
Package babel Info: Redefining russian shorthand "~
(babel)             in language  on input line 121.
Package babel Info: Redefining russian shorthand "|
(babel)             in language  on input line 121.
Package babel Info: Redefining russian shorthand "~
(babel)             in language  on input line 121.
 [35]
Package babel Info: Redefining russian shorthand "|
(babel)             in language  on input line 182.
Package babel Info: Redefining russian shorthand "~
(babel)             in language  on input line 182.
Package babel Info: Redefining russian shorthand "|
(babel)             in language  on input line 182.
Package babel Info: Redefining russian shorthand "~
(babel)             in language  on input line 182.
 [36]
Package babel Info: Redefining russian shorthand "|
(babel)             in language  on input line 243.
Package babel Info: Redefining russian shorthand "~
(babel)             in language  on input line 243.
Package babel Info: Redefining russian shorthand "|
(babel)             in language  on input line 243.
Package babel Info: Redefining russian shorthand "~
(babel)             in language  on input line 243.
 [37]
Package babel Info: Redefining russian shorthand "|
(babel)             in language  on input line 304.
Package babel Info: Redefining russian shorthand "~
(babel)             in language  on input line 304.
Package babel Info: Redefining russian shorthand "|
(babel)             in language  on input line 304.
Package babel Info: Redefining russian shorthand "~
(babel)             in language  on input line 304.
 [38]
Package babel Info: Redefining russian shorthand "|
(babel)             in language  on input line 366.
Package babel Info: Redefining russian shorthand "~
(babel)             in language  on input line 366.
Package babel Info: Redefining russian shorthand "|
(babel)             in language  on input line 366.
Package babel Info: Redefining russian shorthand "~
(babel)             in language  on input line 366.
 [39]
Package babel Info: Redefining russian shorthand "|
(babel)             in language  on input line 426.
Package babel Info: Redefining russian shorthand "~
(babel)             in language  on input line 426.
Package babel Info: Redefining russian shorthand "|
(babel)             in language  on input line 426.
Package babel Info: Redefining russian shorthand "~
(babel)             in language  on input line 426.
 [40]
Package babel Info: Redefining russian shorthand "|
(babel)             in language  on input line 487.
Package babel Info: Redefining russian shorthand "~
(babel)             in language  on input line 487.
Package babel Info: Redefining russian shorthand "|
(babel)             in language  on input line 487.
Package babel Info: Redefining russian shorthand "~
(babel)             in language  on input line 487.
 [41]
Package babel Info: Redefining russian shorthand "|
(babel)             in language  on input line 548.
Package babel Info: Redefining russian shorthand "~
(babel)             in language  on input line 548.
Package babel Info: Redefining russian shorthand "|
(babel)             in language  on input line 548.
Package babel Info: Redefining russian shorthand "~
(babel)             in language  on input line 548.
 [42]
Package babel Info: Redefining russian shorthand "|
(babel)             in language  on input line 605.
Package babel Info: Redefining russian shorthand "~
(babel)             in language  on input line 605.
Package babel Info: Redefining russian shorthand "|
(babel)             in language  on input line 605.
Package babel Info: Redefining russian shorthand "~
(babel)             in language  on input line 605.
 [43]
Package babel Info: Redefining russian shorthand "|
(babel)             in language  on input line 662.
Package babel Info: Redefining russian shorthand "~
(babel)             in language  on input line 662.
Package babel Info: Redefining russian shorthand "|
(babel)             in language  on input line 662.
Package babel Info: Redefining russian shorthand "~
(babel)             in language  on input line 662.

[44]
Package babel Info: Redefining russian shorthand "|
(babel)             in language  on input line 723.
Package babel Info: Redefining russian shorthand "~
(babel)             in language  on input line 723.
Package babel Info: Redefining russian shorthand "|
(babel)             in language  on input line 723.
Package babel Info: Redefining russian shorthand "~
(babel)             in language  on input line 723.
 [45]
Package babel Info: Redefining russian shorthand "|
(babel)             in language  on input line 783.
Package babel Info: Redefining russian shorthand "~
(babel)             in language  on input line 783.
Package babel Info: Redefining russian shorthand "|
(babel)             in language  on input line 783.
Package babel Info: Redefining russian shorthand "~
(babel)             in language  on input line 783.
 [46]
Package babel Info: Redefining russian shorthand "|
(babel)             in language  on input line 844.
Package babel Info: Redefining russian shorthand "~
(babel)             in language  on input line 844.
Package babel Info: Redefining russian shorthand "|
(babel)             in language  on input line 844.
Package babel Info: Redefining russian shorthand "~
(babel)             in language  on input line 844.
 [47]
Package babel Info: Redefining russian shorthand "|
(babel)             in language  on input line 903.
Package babel Info: Redefining russian shorthand "~
(babel)             in language  on input line 903.
Package babel Info: Redefining russian shorthand "|
(babel)             in language  on input line 903.
Package babel Info: Redefining russian shorthand "~
(babel)             in language  on input line 903.
 [48]
Package babel Info: Redefining russian shorthand "|
(babel)             in language  on input line 957.
Package babel Info: Redefining russian shorthand "~
(babel)             in language  on input line 957.
Package babel Info: Redefining russian shorthand "|
(babel)             in language  on input line 957.
Package babel Info: Redefining russian shorthand "~
(babel)             in language  on input line 957.
 [49])
Package babel Info: Redefining russian shorthand "|
(babel)             in language  on input line 170.
Package babel Info: Redefining russian shorthand "~
(babel)             in language  on input line 170.
Package babel Info: Redefining russian shorthand "|
(babel)             in language  on input line 170.
Package babel Info: Redefining russian shorthand "~
(babel)             in language  on input line 170.
 [50]
Package atveryend Info: Empty hook `BeforeClearDocument' on input line 170.
Package atveryend Info: Empty hook `AfterLastShipout' on input line 170.
 (./main.aux)
Package atveryend Info: Executing hook `AtVeryEndDocument' on input line 170.
Package atveryend Info: Executing hook `AtEndAfterFileList' on input line 170.
Package rerunfilecheck Info: File `main.out' has not changed.
(rerunfilecheck)             Checksum: 713E8D864EFD97424B69B7F77442BDA8;12355.
Package logreq Info: Writing requests to 'main.run.xml'.
\openout1 = `main.run.xml'.

Package atveryend Info: Empty hook `AtVeryVeryEnd' on input line 170.
 ) 
Here is how much of TeX's memory you used:
 24154 strings out of 492982
 369749 string characters out of 6134896
 1248016 words of memory out of 5000000
 25573 multiletter control sequences out of 15000+600000
 16069 words of font info for 36 fonts, out of 8000000 for 9000
 1141 hyphenation exceptions out of 8191
 44i,21n,58p,931b,1905s stack positions out of 5000i,500n,10000p,200000b,80000s
{/usr/share/texmf/fonts/enc/dvips/cm-super/cm-super-t2a.enc}</usr/share/texli
ve/texmf-dist/fonts/type1/public/amsfonts/cm/cmex10.pfb></usr/share/texlive/tex
mf-dist/fonts/type1/public/amsfonts/cm/cmmi10.pfb></usr/share/texlive/texmf-dis
t/fonts/type1/public/amsfonts/cm/cmmi5.pfb></usr/share/texlive/texmf-dist/fonts
/type1/public/amsfonts/cm/cmmi7.pfb></usr/share/texlive/texmf-dist/fonts/type1/
public/amsfonts/cm/cmr10.pfb></usr/share/texlive/texmf-dist/fonts/type1/public/
amsfonts/cm/cmr5.pfb></usr/share/texlive/texmf-dist/fonts/type1/public/amsfonts
/cm/cmr7.pfb></usr/share/texlive/texmf-dist/fonts/type1/public/amsfonts/cm/cmsy
10.pfb></usr/share/texlive/texmf-dist/fonts/type1/public/amsfonts/cm/cmsy5.pfb>
</usr/share/texlive/texmf-dist/fonts/type1/public/amsfonts/cm/cmsy7.pfb></usr/s
hare/texmf/fonts/type1/public/cm-super/sfbx1000.pfb></usr/share/texmf/fonts/typ
e1/public/cm-super/sfbx1200.pfb></usr/share/texmf/fonts/type1/public/cm-super/s
fbx1440.pfb></usr/share/texmf/fonts/type1/public/cm-super/sfcc1000.pfb></usr/sh
are/texmf/fonts/type1/public/cm-super/sfrm1000.pfb></usr/share/texmf/fonts/type
1/public/cm-super/sfti1000.pfb></usr/share/texmf/fonts/type1/public/cm-super/sf
tt1000.pfb>
Output written on main.pdf (50 pages, 549390 bytes).
PDF statistics:
 2657 PDF objects out of 2984 (max. 8388607)
 2550 compressed objects within 26 object streams
 1765 named destinations out of 2073 (max. 500000)
 453 words of extra memory for PDF output out of 10000 (max. 10000000)

