\BOOKMARK [1][-]{section.1}{\376\377\004\037\004\076\004\101\004\102\004\060\004\075\004\076\004\062\004\072\004\060\000\040\004\067\004\060\004\064\004\060\004\107\004\070}{}% 1
\BOOKMARK [2][-]{subsection.1.1}{\376\377\004\036\004\101\004\075\004\076\004\062\004\075\004\113\004\065\000\040\004\103\004\100\004\060\004\062\004\075\004\065\004\075\004\070\004\117}{section.1}% 2
\BOOKMARK [2][-]{subsection.1.2}{\376\377\004\037\004\076\004\064\004\105\004\076\004\064\004\113\000\040\004\072\000\040\004\100\004\065\004\110\004\065\004\075\004\070\004\116}{section.1}% 3
\BOOKMARK [2][-]{subsection.1.3}{\376\377\004\035\004\060\004\107\004\060\004\073\004\114\004\075\004\113\004\065\000\040\004\070\000\040\004\063\004\100\004\060\004\075\004\070\004\107\004\075\004\113\004\065\000\040\004\103\004\101\004\073\004\076\004\062\004\070\004\117}{section.1}% 4
\BOOKMARK [2][-]{subsection.1.4}{\376\377\004\042\004\065\004\076\004\100\004\065\004\074\004\060\000\040\004\033\004\060\004\072\004\101\004\060\000-\004\044\004\070\004\073\004\070\004\077\004\077\004\076\004\062\004\060\000-\004\040\004\117\004\061\004\065\004\075\004\114\004\072\004\076\004\063\004\076}{section.1}% 5
\BOOKMARK [2][-]{subsection.1.5}{\376\377\004\030\004\101\004\101\004\073\004\065\004\064\004\076\004\062\004\060\004\075\004\070\004\065\000\040\004\101\004\105\004\065\004\074\000\040\004\075\004\060\000\040\004\103\004\101\004\102\004\076\004\071\004\107\004\070\004\062\004\076\004\101\004\102\004\114}{section.1}% 6
\BOOKMARK [1][-]{section.2}{\376\377\004\041\004\105\004\065\004\074\004\113\000\040\004\077\004\065\004\100\004\062\004\076\004\063\004\076\000\040\004\077\004\076\004\100\004\117\004\064\004\072\004\060}{}% 7
\BOOKMARK [2][-]{subsection.2.1}{\376\377\004\022\004\070\004\064\004\113\000\040\004\101\004\105\004\065\004\074}{section.2}% 8
\BOOKMARK [2][-]{subsection.2.2}{\376\377\004\041\004\105\004\065\004\074\004\060\000\040\004\033\004\060\004\072\004\101\004\060\000-\004\044\004\100\004\070\004\064\004\100\004\070\004\105\004\101\004\060}{section.2}% 9
\BOOKMARK [2][-]{subsection.2.3}{\376\377\004\030\004\101\004\101\004\073\004\065\004\064\004\076\004\062\004\060\004\075\004\070\004\065\000\040\004\101\004\105\004\065\004\074\004\113\000\040\004\033\004\060\004\072\004\101\004\060\000-\004\044\004\100\004\070\004\064\004\100\004\070\004\105\004\101\004\060\000\040\004\075\004\060\000\040\004\103\004\101\004\102\004\076\004\071\004\107\004\070\004\062\004\076\004\101\004\102\004\114}{section.2}% 10
\BOOKMARK [2][-]{subsection.2.4}{\376\377\004\030\004\101\004\101\004\073\004\065\004\064\004\076\004\062\004\060\004\075\004\070\004\065\000\040\004\075\004\060\000\040\004\103\004\101\004\102\004\076\004\071\004\107\004\070\004\062\004\076\004\101\004\102\004\114\000\040\004\062\000\040\004\101\004\073\004\103\004\107\004\060\004\065\000\040\004\075\004\065\004\073\004\070\004\075\004\065\004\071\004\075\004\076\004\071\000\040\004\101\004\070\004\101\004\102\004\065\004\074\004\113}{section.2}% 11
\BOOKMARK [2][-]{subsection.2.5}{\376\377\004\040\004\065\004\060\004\073\004\070\004\067\004\060\004\106\004\070\004\117\000\040\004\075\004\060\000\040\004\117\004\067\004\113\004\072\004\065\000\040\000C\000+\000+}{section.2}% 12
\BOOKMARK [2][-]{subsection.2.6}{\376\377\004\040\004\065\004\067\004\103\004\073\004\114\004\102\004\060\004\102\004\113}{section.2}% 13
\BOOKMARK [1][-]{section.3}{\376\377\004\041\004\105\004\065\004\074\004\113\000\040\004\062\004\102\004\076\004\100\004\076\004\063\004\076\000\040\004\077\004\076\004\100\004\117\004\064\004\072\004\060}{}% 14
\BOOKMARK [2][-]{subsection.3.1}{\376\377\004\022\004\070\004\064\004\113\000\040\004\101\004\105\004\065\004\074}{section.3}% 15
\BOOKMARK [2][-]{subsection.3.2}{\376\377\004\041\004\105\004\065\004\074\004\060\000\040\004\040\004\070\004\105\004\102\004\074\004\060\004\071\004\065\004\100\004\060}{section.3}% 16
\BOOKMARK [2][-]{subsection.3.3}{\376\377\004\030\004\101\004\101\004\073\004\065\004\064\004\076\004\062\004\060\004\075\004\070\004\065\000\040\004\101\004\105\004\065\004\074\004\113\000\040\004\040\004\070\004\105\004\102\004\074\004\060\004\065\004\071\004\100\004\060\000\040\004\075\004\060\000\040\004\103\004\101\004\102\004\076\004\071\004\107\004\070\004\062\004\076\004\101\004\102\004\114}{section.3}% 17
\BOOKMARK [2][-]{subsection.3.4}{\376\377\004\040\004\065\004\060\004\073\004\070\004\067\004\060\004\106\004\070\004\117\000\040\004\101\004\105\004\065\004\074\004\113\000\040\004\040\004\070\004\105\004\102\004\074\004\060\004\071\004\065\004\100\004\060\000\040\004\075\004\060\000\040\004\117\004\067\004\113\004\072\004\065\000\040\000C\000+\000+}{section.3}% 18
\BOOKMARK [2][-]{subsection.3.5}{\376\377\004\041\004\105\004\065\004\074\004\060\000\040\004\040\004\070\004\105\004\102\004\074\004\060\004\071\004\065\004\100\004\060\000-\004\046\004\062\004\060\004\101\004\060}{section.3}% 19
\BOOKMARK [2][-]{subsection.3.6}{\376\377\004\030\004\101\004\101\004\073\004\065\004\064\004\076\004\062\004\060\004\075\004\070\004\065\000\040\004\101\004\105\004\065\004\074\004\113\000\040\004\040\004\070\004\105\004\102\004\074\004\060\004\065\004\071\004\100\004\060\000-\004\046\004\062\004\060\004\101\004\060\000\040\004\075\004\060\000\040\004\103\004\101\004\102\004\076\004\071\004\107\004\070\004\062\004\076\004\101\004\102\004\114}{section.3}% 20
\BOOKMARK [2][-]{subsection.3.7}{\376\377\004\040\004\065\004\060\004\073\004\070\004\067\004\060\004\106\004\070\004\117\000\040\004\040\004\070\004\105\004\102\004\074\004\060\004\071\004\065\004\100\004\060\000-\004\046\004\062\004\060\004\101\004\060\000\040\004\075\004\060\000\040\004\117\004\067\004\113\004\072\004\065\000\040\000C\000+\000+\000\040\004\101\004\105\004\065\004\074\004\113}{section.3}% 21
\BOOKMARK [2][-]{subsection.3.8}{\376\377\004\040\004\065\004\067\004\103\004\073\004\114\004\102\004\060\004\102\004\113}{section.3}% 22
\BOOKMARK [2][-]{subsection.3.9}{\376\377\004\030\004\101\004\072\004\103\004\101\004\101\004\102\004\062\004\065\004\075\004\075\004\060\004\117\000\040\004\062\004\117\004\067\004\072\004\076\004\101\004\102\004\114}{section.3}% 23
\BOOKMARK [2][-]{subsection.3.10}{\376\377\004\040\004\065\004\067\004\103\004\073\004\114\004\102\004\060\004\102\004\113\000\040\004\101\000\040\004\062\004\117\004\067\004\072\004\076\004\101\004\102\004\114\004\116}{section.3}% 24
\BOOKMARK [1][-]{section.4}{\376\377\004\035\004\065\004\076\004\101\004\106\004\070\004\073\004\073\004\070\004\100\004\103\004\116\004\111\004\070\004\065\000\040\004\101\004\105\004\065\004\074\004\113}{}% 25
\BOOKMARK [2][-]{subsection.4.1}{\376\377\000T\000V\000D\000\040\004\101\004\105\004\065\004\074\004\113}{section.4}% 26
\BOOKMARK [2][-]{subsection.4.2}{\376\377\004\041\004\105\004\065\004\074\004\060\000\040\000E\000N\000O}{section.4}% 27
\BOOKMARK [2][-]{subsection.4.3}{\376\377\004\041\004\105\004\065\004\074\004\060\000\040\000W\000E\000N\000O}{section.4}% 28
\BOOKMARK [2][-]{subsection.4.4}{\376\377\004\040\004\065\004\067\004\103\004\073\004\114\004\102\004\060\004\102\004\113}{section.4}% 29
\BOOKMARK [1][-]{section.5}{\376\377\004\024\004\070\004\062\004\065\004\100\004\063\004\065\004\075\004\106\004\070\004\117\000\040\004\074\004\060\004\063\004\075\004\070\004\102\004\075\004\076\004\063\004\076\000\040\004\077\004\076\004\073\004\117}{}% 30
\BOOKMARK [2][-]{subsection.5.1}{\376\377\004\037\004\100\004\076\004\061\004\073\004\065\004\074\004\060}{section.5}% 31
\BOOKMARK [2][-]{subsection.5.2}{\376\377\004\034\004\065\004\102\004\076\004\064\004\113\000\040\004\100\004\065\004\110\004\065\004\075\004\070\004\117}{section.5}% 32
\BOOKMARK [2][-]{subsection.5.3}{\376\377\000G\000L\000M\000\040\004\074\004\065\004\102\004\076\004\064}{section.5}% 33
\BOOKMARK [2][-]{subsection.5.4}{\376\377\004\034\004\065\004\102\004\076\004\064\000\040\004\077\004\100\004\076\004\065\004\072\004\106\004\070\004\070}{section.5}% 34
\BOOKMARK [2][-]{subsection.5.5}{\376\377\004\034\004\065\004\102\004\076\004\064\004\113\000\040\004\100\004\065\004\110\004\065\004\075\004\070\004\117\000\040\004\103\004\100\004\060\004\062\004\075\004\065\004\075\004\070\004\117\000\040\004\037\004\103\004\060\004\101\004\101\004\076\004\075\004\060}{section.5}% 35
\BOOKMARK [3][-]{subsubsection.5.5.1}{\376\377\004\034\004\065\004\102\004\076\004\064\000\040\004\063\004\100\004\060\004\064\004\070\004\065\004\075\004\102\004\075\004\076\004\063\004\076\000\040\004\101\004\077\004\103\004\101\004\072\004\060}{subsection.5.5}% 36
\BOOKMARK [3][-]{subsubsection.5.5.2}{\376\377\004\034\004\065\004\102\004\076\004\064\000\040\004\101\004\076\004\077\004\100\004\117\004\066\004\121\004\075\004\075\004\113\004\105\000\040\004\063\004\100\004\060\004\064\004\070\004\065\004\075\004\102\004\076\004\062}{subsection.5.5}% 37
\BOOKMARK [1][-]{section.6}{\376\377\004\036\004\077\004\102\004\070\004\074\004\070\004\067\004\060\004\106\004\070\004\117\000\040\004\062\004\113\004\107\004\070\004\101\004\073\004\065\004\075\004\070\004\071}{}% 38
\BOOKMARK [2][-]{subsection.6.1}{\376\377\004\032\004\076\004\075\004\065\004\107\004\075\004\076\000-\004\100\004\060\004\067\004\075\004\076\004\101\004\102\004\075\004\113\004\065\000\040\004\101\004\105\004\065\004\074\004\113}{section.6}% 39
\BOOKMARK [3][-]{subsubsection.6.1.1}{\376\377\004\040\004\060\004\101\004\077\004\060\004\100\004\060\004\073\004\073\004\065\004\073\004\070\004\062\004\060\004\075\004\070\004\065}{subsection.6.1}% 40
\BOOKMARK [3][-]{subsubsection.6.1.2}{\376\377\004\021\004\060\004\073\004\060\004\075\004\101\000\040\004\062\004\113\004\107\004\070\004\101\004\073\004\070\004\102\004\065\004\073\004\114\004\075\004\113\004\105\000\040\004\074\004\076\004\111\004\075\004\076\004\101\004\102\004\065\004\071}{subsection.6.1}% 41
\BOOKMARK [2][-]{subsection.6.2}{\376\377\004\030\004\102\004\065\004\100\004\060\004\102\004\070\004\062\004\075\004\113\004\065\000\040\004\074\004\065\004\102\004\076\004\064\004\113}{section.6}% 42
\BOOKMARK [3][-]{subsubsection.6.2.1}{\376\377\004\037\004\100\004\065\004\064\004\076\004\061\004\103\004\101\004\073\004\060\004\062\004\073\004\070\004\062\004\060\004\075\004\070\004\065}{subsection.6.2}% 43
\BOOKMARK [3][-]{subsubsection.6.2.2}{\376\377\004\036\004\077\004\102\004\070\004\074\004\070\004\067\004\060\004\106\004\070\004\117\000\040\004\076\004\077\004\065\004\100\004\060\004\106\004\070\004\071\000\040\004\101\000\040\004\074\004\060\004\102\004\100\004\070\004\106\004\060\004\074\004\070}{subsection.6.2}% 44
\BOOKMARK [3][-]{subsubsection.6.2.3}{\376\377\004\037\004\100\004\065\004\064\004\101\004\072\004\060\004\067\004\060\004\075\004\070\004\065\000\040\004\100\004\065\004\110\004\065\004\075\004\070\004\117}{subsection.6.2}% 45
\BOOKMARK [1][-]{section*.2}{\376\377\004\041\004\077\004\070\004\101\004\076\004\072\000\040\004\073\004\070\004\102\004\065\004\100\004\060\004\102\004\103\004\100\004\113}{}% 46
\BOOKMARK [1][-]{appendix.A}{\376\377\000C\000+\000+\000\040\004\072\004\073\004\060\004\101\004\101\000\040\004\064\004\073\004\117\000\040\004\100\004\065\004\110\004\065\004\075\004\070\004\117\000\040\004\067\004\060\004\064\004\060\004\107\004\070\000\040\004\074\004\065\004\102\004\076\004\064\004\076\004\074\000\040\004\033\004\060\004\072\004\101\004\060\000-\004\044\004\100\004\070\004\064\004\100\004\070\004\105\004\101\004\060}{}% 47
\BOOKMARK [1][-]{appendix.B}{\376\377\000C\000+\000+\000\040\004\072\004\073\004\060\004\101\004\101\000\040\004\064\004\073\004\117\000\040\004\100\004\065\004\110\004\065\004\075\004\070\004\117\000\040\004\067\004\060\004\064\004\060\004\107\004\070\000\040\004\074\004\065\004\102\004\076\004\064\004\076\004\074\000\040\004\040\004\070\004\105\004\102\004\074\004\060\004\071\004\065\004\100\004\060\000-\004\046\004\062\004\060\004\101\004\060}{}% 48
\BOOKMARK [1][-]{appendix.C}{\376\377\000C\000+\000+\000\040\004\072\004\073\004\060\004\101\004\101\000\040\004\064\004\073\004\117\000\040\004\100\004\065\004\110\004\065\004\075\004\070\004\117\000\040\004\067\004\060\004\064\004\060\004\107\004\070\000\040\004\074\004\065\004\102\004\076\004\064\004\076\004\074\000\040\004\040\004\103\004\075\004\063\004\065\000-\004\032\004\103\004\102\004\102\004\060\000-\000W\000E\000N\000O}{}% 49
